[3.253s] Invoking command in '/home/yuki/650610851_final/src/lidar_tracker': PYTHONPATH=/home/yuki/650610851_final/build/lidar_tracker/prefix_override:/usr/lib/python3/dist-packages/colcon_core/task/python/colcon_distutils_commands:/home/yuki/650610851_final/install/lidar_tracker/lib/python3.10/site-packages:${PYTHONPATH} /usr/bin/python3 -W ignore:setup.py install is deprecated -W ignore:easy_install command is deprecated setup.py egg_info --egg-base ../../build/lidar_tracker build --build-base /home/yuki/650610851_final/build/lidar_tracker/build install --record /home/yuki/650610851_final/build/lidar_tracker/install.log --single-version-externally-managed install_data
[4.123s] running egg_info
[4.125s] writing ../../build/lidar_tracker/lidar_tracker.egg-info/PKG-INFO
[4.126s] writing dependency_links to ../../build/lidar_tracker/lidar_tracker.egg-info/dependency_links.txt
[4.127s] writing entry points to ../../build/lidar_tracker/lidar_tracker.egg-info/entry_points.txt
[4.128s] writing requirements to ../../build/lidar_tracker/lidar_tracker.egg-info/requires.txt
[4.129s] writing top-level names to ../../build/lidar_tracker/lidar_tracker.egg-info/top_level.txt
[4.132s] reading manifest file '../../build/lidar_tracker/lidar_tracker.egg-info/SOURCES.txt'
[4.138s] writing manifest file '../../build/lidar_tracker/lidar_tracker.egg-info/SOURCES.txt'
[4.138s] running build
[4.139s] running build_py
[4.139s] copying lidar_tracker/lidar_node.py -> /home/yuki/650610851_final/build/lidar_tracker/build/lib/lidar_tracker
[4.141s] running install
[4.142s] running install_lib
[4.144s] copying /home/yuki/650610851_final/build/lidar_tracker/build/lib/lidar_tracker/lidar_node.py -> /home/yuki/650610851_final/install/lidar_tracker/lib/python3.10/site-packages/lidar_tracker
[4.147s] byte-compiling /home/yuki/650610851_final/install/lidar_tracker/lib/python3.10/site-packages/lidar_tracker/lidar_node.py to lidar_node.cpython-310.pyc
[4.149s] running install_data
[4.150s] running install_egg_info
[4.154s] removing '/home/yuki/650610851_final/install/lidar_tracker/lib/python3.10/site-packages/lidar_tracker-0.0.0-py3.10.egg-info' (and everything under it)
[4.157s] Copying ../../build/lidar_tracker/lidar_tracker.egg-info to /home/yuki/650610851_final/install/lidar_tracker/lib/python3.10/site-packages/lidar_tracker-0.0.0-py3.10.egg-info
[4.160s] running install_scripts
[4.223s] Installing lidar_node script to /home/yuki/650610851_final/install/lidar_tracker/lib/lidar_tracker
[4.224s] writing list of installed files to '/home/yuki/650610851_final/build/lidar_tracker/install.log'
[4.320s] Invoked command in '/home/yuki/650610851_final/src/lidar_tracker' returned '0': PYTHONPATH=/home/yuki/650610851_final/build/lidar_tracker/prefix_override:/usr/lib/python3/dist-packages/colcon_core/task/python/colcon_distutils_commands:/home/yuki/650610851_final/install/lidar_tracker/lib/python3.10/site-packages:${PYTHONPATH} /usr/bin/python3 -W ignore:setup.py install is deprecated -W ignore:easy_install command is deprecated setup.py egg_info --egg-base ../../build/lidar_tracker build --build-base /home/yuki/650610851_final/build/lidar_tracker/build install --record /home/yuki/650610851_final/build/lidar_tracker/install.log --single-version-externally-managed install_data
