[2.960s] Invoking command in '/home/yuki/650610851_final/build/lidar_tracker': PYTHONPATH=/home/yuki/650610851_final/build/lidar_tracker/prefix_override:/usr/lib/python3/dist-packages/colcon_core/task/python/colcon_distutils_commands:/home/yuki/650610851_final/install/lidar_tracker/lib/python3.10/site-packages:${PYTHONPATH} /usr/bin/python3 -W ignore:setup.py install is deprecated -W ignore:easy_install command is deprecated setup.py develop --editable --build-directory /home/yuki/650610851_final/build/lidar_tracker/build --no-deps symlink_data
[3.851s] running develop
[4.448s] running egg_info
[4.448s] creating lidar_tracker.egg-info
[4.450s] writing lidar_tracker.egg-info/PKG-INFO
[4.451s] writing dependency_links to lidar_tracker.egg-info/dependency_links.txt
[4.451s] writing entry points to lidar_tracker.egg-info/entry_points.txt
[4.452s] writing requirements to lidar_tracker.egg-info/requires.txt
[4.452s] writing top-level names to lidar_tracker.egg-info/top_level.txt
[4.452s] writing manifest file 'lidar_tracker.egg-info/SOURCES.txt'
[4.456s] reading manifest file 'lidar_tracker.egg-info/SOURCES.txt'
[4.458s] writing manifest file 'lidar_tracker.egg-info/SOURCES.txt'
[4.463s] running build_ext
[4.464s] Creating /home/yuki/650610851_final/install/lidar_tracker/lib/python3.10/site-packages/lidar-tracker.egg-link (link to .)
[4.467s] Installing lidar_node script to /home/yuki/650610851_final/install/lidar_tracker/lib/lidar_tracker
[4.468s] 
[4.468s] Installed /home/yuki/650610851_final/build/lidar_tracker
[4.469s] running symlink_data
[4.469s] creating /home/yuki/650610851_final/install/lidar_tracker/share/ament_index
[4.470s] creating /home/yuki/650610851_final/install/lidar_tracker/share/ament_index/resource_index
[4.471s] creating /home/yuki/650610851_final/install/lidar_tracker/share/ament_index/resource_index/packages
[4.472s] symbolically linking /home/yuki/650610851_final/build/lidar_tracker/resource/lidar_tracker -> /home/yuki/650610851_final/install/lidar_tracker/share/ament_index/resource_index/packages
[4.474s] symbolically linking /home/yuki/650610851_final/build/lidar_tracker/package.xml -> /home/yuki/650610851_final/install/lidar_tracker/share/lidar_tracker
[4.589s] Invoked command in '/home/yuki/650610851_final/build/lidar_tracker' returned '0': PYTHONPATH=/home/yuki/650610851_final/build/lidar_tracker/prefix_override:/usr/lib/python3/dist-packages/colcon_core/task/python/colcon_distutils_commands:/home/yuki/650610851_final/install/lidar_tracker/lib/python3.10/site-packages:${PYTHONPATH} /usr/bin/python3 -W ignore:setup.py install is deprecated -W ignore:easy_install command is deprecated setup.py develop --editable --build-directory /home/yuki/650610851_final/build/lidar_tracker/build --no-deps symlink_data
