running develop
Removing /home/yuki/650610851_final/install/turtlebot_controller/lib/python3.10/site-packages/turtlebot-controller.egg-link (link to .)
running egg_info
writing ../../build/turtlebot_controller/turtlebot_controller.egg-info/PKG-INFO
writing dependency_links to ../../build/turtlebot_controller/turtlebot_controller.egg-info/dependency_links.txt
writing entry points to ../../build/turtlebot_controller/turtlebot_controller.egg-info/entry_points.txt
writing requirements to ../../build/turtlebot_controller/turtlebot_controller.egg-info/requires.txt
writing top-level names to ../../build/turtlebot_controller/turtlebot_controller.egg-info/top_level.txt
reading manifest file '../../build/turtlebot_controller/turtlebot_controller.egg-info/SOURCES.txt'
writing manifest file '../../build/turtlebot_controller/turtlebot_controller.egg-info/SOURCES.txt'
running build
running build_py
creating /home/yuki/650610851_final/build/turtlebot_controller/build
creating /home/yuki/650610851_final/build/turtlebot_controller/build/lib
creating /home/yuki/650610851_final/build/turtlebot_controller/build/lib/turtlebot_controller
copying turtlebot_controller/__init__.py -> /home/yuki/650610851_final/build/turtlebot_controller/build/lib/turtlebot_controller
copying turtlebot_controller/move_node.py -> /home/yuki/650610851_final/build/turtlebot_controller/build/lib/turtlebot_controller
running install
running install_lib
creating /home/yuki/650610851_final/install/turtlebot_controller/lib/python3.10/site-packages/turtlebot_controller
copying /home/yuki/650610851_final/build/turtlebot_controller/build/lib/turtlebot_controller/__init__.py -> /home/yuki/650610851_final/install/turtlebot_controller/lib/python3.10/site-packages/turtlebot_controller
copying /home/yuki/650610851_final/build/turtlebot_controller/build/lib/turtlebot_controller/move_node.py -> /home/yuki/650610851_final/install/turtlebot_controller/lib/python3.10/site-packages/turtlebot_controller
byte-compiling /home/yuki/650610851_final/install/turtlebot_controller/lib/python3.10/site-packages/turtlebot_controller/__init__.py to __init__.cpython-310.pyc
byte-compiling /home/yuki/650610851_final/install/turtlebot_controller/lib/python3.10/site-packages/turtlebot_controller/move_node.py to move_node.cpython-310.pyc
running install_data
copying resource/turtlebot_controller -> /home/yuki/650610851_final/install/turtlebot_controller/share/ament_index/resource_index/packages
copying package.xml -> /home/yuki/650610851_final/install/turtlebot_controller/share/turtlebot_controller
copying launch/turtlebot_launch.py -> /home/yuki/650610851_final/install/turtlebot_controller/share/turtlebot_controller/launch
running install_egg_info
Copying ../../build/turtlebot_controller/turtlebot_controller.egg-info to /home/yuki/650610851_final/install/turtlebot_controller/lib/python3.10/site-packages/turtlebot_controller-0.0.0-py3.10.egg-info
running install_scripts
Installing move_node script to /home/yuki/650610851_final/install/turtlebot_controller/lib/turtlebot_controller
writing list of installed files to '/home/yuki/650610851_final/build/turtlebot_controller/install.log'
