[0.452s] DEBUG:colcon:Command line arguments: ['/usr/bin/colcon', 'build', '--symlink-install']
[0.452s] DEBUG:colcon:Parsed command line arguments: Namespace(log_base=None, log_level=None, verb_name='build', build_base='build', install_base='install', merge_install=False, symlink_install=True, test_result_base=None, continue_on_error=False, executor='parallel', parallel_workers=8, event_handlers=None, ignore_user_meta=False, metas=['./colcon.meta'], base_paths=['.'], packages_ignore=None, packages_ignore_regex=None, paths=None, packages_up_to=None, packages_up_to_regex=None, packages_above=None, packages_above_and_dependencies=None, packages_above_depth=None, packages_select_by_dep=None, packages_skip_by_dep=None, packages_skip_up_to=None, packages_select_build_failed=False, packages_skip_build_finished=False, packages_select_test_failures=False, packages_skip_test_passed=False, packages_select=None, packages_skip=None, packages_select_regex=None, packages_skip_regex=None, packages_start=None, packages_end=None, allow_overriding=[], cmake_args=None, cmake_target=None, cmake_target_skip_unavailable=False, cmake_clean_cache=False, cmake_clean_first=False, cmake_force_configure=False, ament_cmake_args=None, catkin_cmake_args=None, catkin_skip_building_tests=False, mixin_files=None, mixin=None, verb_parser=<colcon_mixin.mixin.mixin_argument.MixinArgumentDecorator object at 0x7f3ba0693d00>, verb_extension=<colcon_core.verb.build.BuildVerb object at 0x7f3ba07d8c40>, main=<bound method BuildVerb.main of <colcon_core.verb.build.BuildVerb object at 0x7f3ba07d8c40>>, mixin_verb=('build',))
[0.949s] Level 1:colcon.colcon_core.package_discovery:discover_packages(colcon_meta) check parameters
[0.949s] Level 1:colcon.colcon_core.package_discovery:discover_packages(recursive) check parameters
[0.949s] Level 1:colcon.colcon_core.package_discovery:discover_packages(ignore) check parameters
[0.949s] Level 1:colcon.colcon_core.package_discovery:discover_packages(path) check parameters
[0.949s] Level 1:colcon.colcon_core.package_discovery:discover_packages(colcon_meta) discover
[0.949s] Level 1:colcon.colcon_core.package_discovery:discover_packages(recursive) discover
[0.949s] INFO:colcon.colcon_core.package_discovery:Crawling recursively for packages in '/home/yuki/650610851_final'
[0.950s] Level 1:colcon.colcon_core.package_identification:_identify(.) by extensions ['ignore', 'ignore_ament_install']
[0.950s] Level 1:colcon.colcon_core.package_identification:_identify(.) by extension 'ignore'
[0.950s] Level 1:colcon.colcon_core.package_identification:_identify(.) by extension 'ignore_ament_install'
[0.950s] Level 1:colcon.colcon_core.package_identification:_identify(.) by extensions ['colcon_pkg']
[0.950s] Level 1:colcon.colcon_core.package_identification:_identify(.) by extension 'colcon_pkg'
[0.950s] Level 1:colcon.colcon_core.package_identification:_identify(.) by extensions ['colcon_meta']
[0.950s] Level 1:colcon.colcon_core.package_identification:_identify(.) by extension 'colcon_meta'
[0.950s] Level 1:colcon.colcon_core.package_identification:_identify(.) by extensions ['ros']
[0.950s] Level 1:colcon.colcon_core.package_identification:_identify(.) by extension 'ros'
[0.973s] Level 1:colcon.colcon_core.package_identification:_identify(.) by extensions ['cmake', 'python']
[0.973s] Level 1:colcon.colcon_core.package_identification:_identify(.) by extension 'cmake'
[0.974s] Level 1:colcon.colcon_core.package_identification:_identify(.) by extension 'python'
[0.974s] Level 1:colcon.colcon_core.package_identification:_identify(.) by extensions ['python_setup_py']
[0.974s] Level 1:colcon.colcon_core.package_identification:_identify(.) by extension 'python_setup_py'
[0.974s] Level 1:colcon.colcon_core.package_identification:_identify(build) by extensions ['ignore', 'ignore_ament_install']
[0.975s] Level 1:colcon.colcon_core.package_identification:_identify(build) by extension 'ignore'
[0.975s] Level 1:colcon.colcon_core.package_identification:_identify(build) ignored
[0.976s] Level 1:colcon.colcon_core.package_identification:_identify(install) by extensions ['ignore', 'ignore_ament_install']
[0.976s] Level 1:colcon.colcon_core.package_identification:_identify(install) by extension 'ignore'
[0.976s] Level 1:colcon.colcon_core.package_identification:_identify(install) ignored
[0.976s] Level 1:colcon.colcon_core.package_identification:_identify(log) by extensions ['ignore', 'ignore_ament_install']
[0.976s] Level 1:colcon.colcon_core.package_identification:_identify(log) by extension 'ignore'
[0.976s] Level 1:colcon.colcon_core.package_identification:_identify(log) ignored
[0.977s] Level 1:colcon.colcon_core.package_identification:_identify(src) by extensions ['ignore', 'ignore_ament_install']
[0.977s] Level 1:colcon.colcon_core.package_identification:_identify(src) by extension 'ignore'
[0.977s] Level 1:colcon.colcon_core.package_identification:_identify(src) by extension 'ignore_ament_install'
[0.977s] Level 1:colcon.colcon_core.package_identification:_identify(src) by extensions ['colcon_pkg']
[0.978s] Level 1:colcon.colcon_core.package_identification:_identify(src) by extension 'colcon_pkg'
[0.978s] Level 1:colcon.colcon_core.package_identification:_identify(src) by extensions ['colcon_meta']
[0.978s] Level 1:colcon.colcon_core.package_identification:_identify(src) by extension 'colcon_meta'
[0.978s] Level 1:colcon.colcon_core.package_identification:_identify(src) by extensions ['ros']
[0.978s] Level 1:colcon.colcon_core.package_identification:_identify(src) by extension 'ros'
[0.978s] Level 1:colcon.colcon_core.package_identification:_identify(src) by extensions ['cmake', 'python']
[0.978s] Level 1:colcon.colcon_core.package_identification:_identify(src) by extension 'cmake'
[0.978s] Level 1:colcon.colcon_core.package_identification:_identify(src) by extension 'python'
[0.978s] Level 1:colcon.colcon_core.package_identification:_identify(src) by extensions ['python_setup_py']
[0.978s] Level 1:colcon.colcon_core.package_identification:_identify(src) by extension 'python_setup_py'
[0.979s] Level 1:colcon.colcon_core.package_identification:_identify(src/lidar_tracker) by extensions ['ignore', 'ignore_ament_install']
[0.979s] Level 1:colcon.colcon_core.package_identification:_identify(src/lidar_tracker) by extension 'ignore'
[0.979s] Level 1:colcon.colcon_core.package_identification:_identify(src/lidar_tracker) by extension 'ignore_ament_install'
[0.979s] Level 1:colcon.colcon_core.package_identification:_identify(src/lidar_tracker) by extensions ['colcon_pkg']
[0.980s] Level 1:colcon.colcon_core.package_identification:_identify(src/lidar_tracker) by extension 'colcon_pkg'
[0.980s] Level 1:colcon.colcon_core.package_identification:_identify(src/lidar_tracker) by extensions ['colcon_meta']
[0.980s] Level 1:colcon.colcon_core.package_identification:_identify(src/lidar_tracker) by extension 'colcon_meta'
[0.980s] Level 1:colcon.colcon_core.package_identification:_identify(src/lidar_tracker) by extensions ['ros']
[0.980s] Level 1:colcon.colcon_core.package_identification:_identify(src/lidar_tracker) by extension 'ros'
[0.986s] DEBUG:colcon.colcon_core.package_identification:Package 'src/lidar_tracker' with type 'ros.ament_python' and name 'lidar_tracker'
[0.987s] Level 1:colcon.colcon_core.package_identification:_identify(src/turtlebot_controller) by extensions ['ignore', 'ignore_ament_install']
[0.987s] Level 1:colcon.colcon_core.package_identification:_identify(src/turtlebot_controller) by extension 'ignore'
[0.987s] Level 1:colcon.colcon_core.package_identification:_identify(src/turtlebot_controller) by extension 'ignore_ament_install'
[0.987s] Level 1:colcon.colcon_core.package_identification:_identify(src/turtlebot_controller) by extensions ['colcon_pkg']
[0.987s] Level 1:colcon.colcon_core.package_identification:_identify(src/turtlebot_controller) by extension 'colcon_pkg'
[0.987s] Level 1:colcon.colcon_core.package_identification:_identify(src/turtlebot_controller) by extensions ['colcon_meta']
[0.987s] Level 1:colcon.colcon_core.package_identification:_identify(src/turtlebot_controller) by extension 'colcon_meta'
[0.987s] Level 1:colcon.colcon_core.package_identification:_identify(src/turtlebot_controller) by extensions ['ros']
[0.987s] Level 1:colcon.colcon_core.package_identification:_identify(src/turtlebot_controller) by extension 'ros'
[0.989s] DEBUG:colcon.colcon_core.package_identification:Package 'src/turtlebot_controller' with type 'ros.ament_python' and name 'turtlebot_controller'
[0.989s] Level 1:colcon.colcon_core.package_discovery:discover_packages(recursive) using defaults
[0.989s] Level 1:colcon.colcon_core.package_discovery:discover_packages(ignore) discover
[0.989s] Level 1:colcon.colcon_core.package_discovery:discover_packages(ignore) using defaults
[0.989s] Level 1:colcon.colcon_core.package_discovery:discover_packages(path) discover
[0.989s] Level 1:colcon.colcon_core.package_discovery:discover_packages(path) using defaults
[1.060s] Level 1:colcon.colcon_core.package_discovery:discover_packages(prefix_path) check parameters
[1.060s] Level 1:colcon.colcon_core.package_discovery:discover_packages(prefix_path) discover
[1.075s] DEBUG:colcon.colcon_installed_package_information.package_discovery:Found 2 installed packages in /home/yuki/650610851_final/install
[1.076s] DEBUG:colcon.colcon_installed_package_information.package_discovery:Found 1 installed packages in /home/yuki/ros2_ws/install
[1.078s] DEBUG:colcon.colcon_installed_package_information.package_discovery:Found 13 installed packages in /home/yuki/install
[1.079s] DEBUG:colcon.colcon_installed_package_information.package_discovery:Found 12 installed packages in /home/yuki/turtlebot3_ws/install
[1.081s] DEBUG:colcon.colcon_installed_package_information.package_discovery:Found 1 installed packages in /home/yuki/labrobo3_ws/install
[1.084s] DEBUG:colcon.colcon_installed_package_information.package_discovery:Found 399 installed packages in /opt/ros/humble
[1.090s] Level 1:colcon.colcon_core.package_discovery:discover_packages(prefix_path) using defaults
[1.269s] Level 5:colcon.colcon_core.verb:set package 'lidar_tracker' build argument 'cmake_args' from command line to 'None'
[1.270s] Level 5:colcon.colcon_core.verb:set package 'lidar_tracker' build argument 'cmake_target' from command line to 'None'
[1.270s] Level 5:colcon.colcon_core.verb:set package 'lidar_tracker' build argument 'cmake_target_skip_unavailable' from command line to 'False'
[1.270s] Level 5:colcon.colcon_core.verb:set package 'lidar_tracker' build argument 'cmake_clean_cache' from command line to 'False'
[1.270s] Level 5:colcon.colcon_core.verb:set package 'lidar_tracker' build argument 'cmake_clean_first' from command line to 'False'
[1.270s] Level 5:colcon.colcon_core.verb:set package 'lidar_tracker' build argument 'cmake_force_configure' from command line to 'False'
[1.270s] Level 5:colcon.colcon_core.verb:set package 'lidar_tracker' build argument 'ament_cmake_args' from command line to 'None'
[1.270s] Level 5:colcon.colcon_core.verb:set package 'lidar_tracker' build argument 'catkin_cmake_args' from command line to 'None'
[1.270s] Level 5:colcon.colcon_core.verb:set package 'lidar_tracker' build argument 'catkin_skip_building_tests' from command line to 'False'
[1.270s] DEBUG:colcon.colcon_core.verb:Building package 'lidar_tracker' with the following arguments: {'ament_cmake_args': None, 'build_base': '/home/yuki/650610851_final/build/lidar_tracker', 'catkin_cmake_args': None, 'catkin_skip_building_tests': False, 'cmake_args': None, 'cmake_clean_cache': False, 'cmake_clean_first': False, 'cmake_force_configure': False, 'cmake_target': None, 'cmake_target_skip_unavailable': False, 'install_base': '/home/yuki/650610851_final/install/lidar_tracker', 'merge_install': False, 'path': '/home/yuki/650610851_final/src/lidar_tracker', 'symlink_install': True, 'test_result_base': None}
[1.270s] Level 5:colcon.colcon_core.verb:set package 'turtlebot_controller' build argument 'cmake_args' from command line to 'None'
[1.270s] Level 5:colcon.colcon_core.verb:set package 'turtlebot_controller' build argument 'cmake_target' from command line to 'None'
[1.271s] Level 5:colcon.colcon_core.verb:set package 'turtlebot_controller' build argument 'cmake_target_skip_unavailable' from command line to 'False'
[1.271s] Level 5:colcon.colcon_core.verb:set package 'turtlebot_controller' build argument 'cmake_clean_cache' from command line to 'False'
[1.271s] Level 5:colcon.colcon_core.verb:set package 'turtlebot_controller' build argument 'cmake_clean_first' from command line to 'False'
[1.271s] Level 5:colcon.colcon_core.verb:set package 'turtlebot_controller' build argument 'cmake_force_configure' from command line to 'False'
[1.271s] Level 5:colcon.colcon_core.verb:set package 'turtlebot_controller' build argument 'ament_cmake_args' from command line to 'None'
[1.271s] Level 5:colcon.colcon_core.verb:set package 'turtlebot_controller' build argument 'catkin_cmake_args' from command line to 'None'
[1.271s] Level 5:colcon.colcon_core.verb:set package 'turtlebot_controller' build argument 'catkin_skip_building_tests' from command line to 'False'
[1.271s] DEBUG:colcon.colcon_core.verb:Building package 'turtlebot_controller' with the following arguments: {'ament_cmake_args': None, 'build_base': '/home/yuki/650610851_final/build/turtlebot_controller', 'catkin_cmake_args': None, 'catkin_skip_building_tests': False, 'cmake_args': None, 'cmake_clean_cache': False, 'cmake_clean_first': False, 'cmake_force_configure': False, 'cmake_target': None, 'cmake_target_skip_unavailable': False, 'install_base': '/home/yuki/650610851_final/install/turtlebot_controller', 'merge_install': False, 'path': '/home/yuki/650610851_final/src/turtlebot_controller', 'symlink_install': True, 'test_result_base': None}
[1.271s] INFO:colcon.colcon_core.executor:Executing jobs using 'parallel' executor
[1.272s] DEBUG:colcon.colcon_parallel_executor.executor.parallel:run_until_complete
[1.273s] INFO:colcon.colcon_ros.task.ament_python.build:Building ROS package in '/home/yuki/650610851_final/src/lidar_tracker' with build type 'ament_python'
[1.273s] Level 1:colcon.colcon_core.shell:create_environment_hook('lidar_tracker', 'ament_prefix_path')
[1.282s] INFO:colcon.colcon_core.plugin_system:Skipping extension 'colcon_core.shell.bat': Not used on non-Windows systems
[1.282s] INFO:colcon.colcon_core.shell:Creating environment hook '/home/yuki/650610851_final/install/lidar_tracker/share/lidar_tracker/hook/ament_prefix_path.ps1'
[1.284s] INFO:colcon.colcon_core.shell:Creating environment descriptor '/home/yuki/650610851_final/install/lidar_tracker/share/lidar_tracker/hook/ament_prefix_path.dsv'
[1.285s] INFO:colcon.colcon_core.shell:Creating environment hook '/home/yuki/650610851_final/install/lidar_tracker/share/lidar_tracker/hook/ament_prefix_path.sh'
[1.287s] INFO:colcon.colcon_core.shell:Skip shell extension 'powershell' for command environment: Not usable outside of PowerShell
[1.288s] DEBUG:colcon.colcon_core.shell:Skip shell extension 'dsv' for command environment
[1.298s] INFO:colcon.colcon_ros.task.ament_python.build:Building ROS package in '/home/yuki/650610851_final/src/turtlebot_controller' with build type 'ament_python'
[1.299s] Level 1:colcon.colcon_core.shell:create_environment_hook('turtlebot_controller', 'ament_prefix_path')
[1.299s] INFO:colcon.colcon_core.shell:Creating environment hook '/home/yuki/650610851_final/install/turtlebot_controller/share/turtlebot_controller/hook/ament_prefix_path.ps1'
[1.301s] INFO:colcon.colcon_core.shell:Creating environment descriptor '/home/yuki/650610851_final/install/turtlebot_controller/share/turtlebot_controller/hook/ament_prefix_path.dsv'
[1.302s] INFO:colcon.colcon_core.shell:Creating environment hook '/home/yuki/650610851_final/install/turtlebot_controller/share/turtlebot_controller/hook/ament_prefix_path.sh'
[1.305s] INFO:colcon.colcon_core.shell:Skip shell extension 'powershell' for command environment: Not usable outside of PowerShell
[1.305s] DEBUG:colcon.colcon_core.shell:Skip shell extension 'dsv' for command environment
[1.758s] INFO:colcon.colcon_core.task.python.build:Building Python package in '/home/yuki/650610851_final/src/lidar_tracker'
[1.759s] INFO:colcon.colcon_core.shell:Skip shell extension 'powershell' for command environment: Not usable outside of PowerShell
[1.759s] DEBUG:colcon.colcon_core.shell:Skip shell extension 'dsv' for command environment
[2.192s] INFO:colcon.colcon_core.task.python.build:Building Python package in '/home/yuki/650610851_final/src/turtlebot_controller'
[2.193s] INFO:colcon.colcon_core.shell:Skip shell extension 'powershell' for command environment: Not usable outside of PowerShell
[2.193s] DEBUG:colcon.colcon_core.shell:Skip shell extension 'dsv' for command environment
[3.075s] DEBUG:colcon.colcon_core.event_handler.log_command:Invoking command in '/home/yuki/650610851_final/build/lidar_tracker': PYTHONPATH=/home/yuki/650610851_final/build/lidar_tracker/prefix_override:/usr/lib/python3/dist-packages/colcon_core/task/python/colcon_distutils_commands:/home/yuki/650610851_final/install/lidar_tracker/lib/python3.10/site-packages:${PYTHONPATH} /usr/bin/python3 -W ignore:setup.py install is deprecated -W ignore:easy_install command is deprecated setup.py develop --editable --build-directory /home/yuki/650610851_final/build/lidar_tracker/build --no-deps symlink_data
[3.086s] DEBUG:colcon.colcon_core.event_handler.log_command:Invoking command in '/home/yuki/650610851_final/build/turtlebot_controller': PYTHONPATH=/home/yuki/650610851_final/build/turtlebot_controller/prefix_override:/usr/lib/python3/dist-packages/colcon_core/task/python/colcon_distutils_commands:/home/yuki/650610851_final/install/turtlebot_controller/lib/python3.10/site-packages:${PYTHONPATH} /usr/bin/python3 -W ignore:setup.py install is deprecated -W ignore:easy_install command is deprecated setup.py develop --editable --build-directory /home/yuki/650610851_final/build/turtlebot_controller/build --no-deps symlink_data
[3.965s] Level 1:colcon.colcon_core.shell:create_environment_hook('turtlebot_controller', 'pythonpath_develop')
[3.966s] INFO:colcon.colcon_core.shell:Creating environment hook '/home/yuki/650610851_final/build/turtlebot_controller/share/turtlebot_controller/hook/pythonpath_develop.ps1'
[3.968s] DEBUG:colcon.colcon_core.event_handler.log_command:Invoked command in '/home/yuki/650610851_final/build/turtlebot_controller' returned '0': PYTHONPATH=/home/yuki/650610851_final/build/turtlebot_controller/prefix_override:/usr/lib/python3/dist-packages/colcon_core/task/python/colcon_distutils_commands:/home/yuki/650610851_final/install/turtlebot_controller/lib/python3.10/site-packages:${PYTHONPATH} /usr/bin/python3 -W ignore:setup.py install is deprecated -W ignore:easy_install command is deprecated setup.py develop --editable --build-directory /home/yuki/650610851_final/build/turtlebot_controller/build --no-deps symlink_data
[3.968s] INFO:colcon.colcon_core.shell:Creating environment descriptor '/home/yuki/650610851_final/build/turtlebot_controller/share/turtlebot_controller/hook/pythonpath_develop.dsv'
[3.970s] INFO:colcon.colcon_core.shell:Creating environment hook '/home/yuki/650610851_final/build/turtlebot_controller/share/turtlebot_controller/hook/pythonpath_develop.sh'
[3.981s] Level 1:colcon.colcon_core.environment:checking '/home/yuki/650610851_final/install/turtlebot_controller' for CMake module files
[3.982s] Level 1:colcon.colcon_core.environment:checking '/home/yuki/650610851_final/install/turtlebot_controller' for CMake config files
[3.986s] Level 1:colcon.colcon_core.environment:checking '/home/yuki/650610851_final/install/turtlebot_controller/lib'
[3.986s] Level 1:colcon.colcon_core.environment:checking '/home/yuki/650610851_final/install/turtlebot_controller/bin'
[3.986s] Level 1:colcon.colcon_core.environment:checking '/home/yuki/650610851_final/install/turtlebot_controller/lib/pkgconfig/turtlebot_controller.pc'
[3.987s] Level 1:colcon.colcon_core.environment:checking '/home/yuki/650610851_final/install/turtlebot_controller/lib/python3.10/site-packages'
[3.987s] Level 1:colcon.colcon_core.shell:create_environment_hook('turtlebot_controller', 'pythonpath')
[3.987s] INFO:colcon.colcon_core.shell:Creating environment hook '/home/yuki/650610851_final/install/turtlebot_controller/share/turtlebot_controller/hook/pythonpath.ps1'
[3.988s] INFO:colcon.colcon_core.shell:Creating environment descriptor '/home/yuki/650610851_final/install/turtlebot_controller/share/turtlebot_controller/hook/pythonpath.dsv'
[3.988s] INFO:colcon.colcon_core.shell:Creating environment hook '/home/yuki/650610851_final/install/turtlebot_controller/share/turtlebot_controller/hook/pythonpath.sh'
[3.989s] Level 1:colcon.colcon_core.environment:checking '/home/yuki/650610851_final/install/turtlebot_controller/bin'
[3.989s] Level 1:colcon.colcon_core.environment:create_environment_scripts_only(turtlebot_controller)
[3.990s] INFO:colcon.colcon_core.shell:Creating package script '/home/yuki/650610851_final/install/turtlebot_controller/share/turtlebot_controller/package.ps1'
[3.991s] INFO:colcon.colcon_core.shell:Creating package descriptor '/home/yuki/650610851_final/install/turtlebot_controller/share/turtlebot_controller/package.dsv'
[3.993s] INFO:colcon.colcon_core.shell:Creating package script '/home/yuki/650610851_final/install/turtlebot_controller/share/turtlebot_controller/package.sh'
[3.994s] INFO:colcon.colcon_core.shell:Creating package script '/home/yuki/650610851_final/install/turtlebot_controller/share/turtlebot_controller/package.bash'
[3.996s] INFO:colcon.colcon_core.shell:Creating package script '/home/yuki/650610851_final/install/turtlebot_controller/share/turtlebot_controller/package.zsh'
[3.997s] Level 1:colcon.colcon_core.environment:create_file_with_runtime_dependencies(/home/yuki/650610851_final/install/turtlebot_controller/share/colcon-core/packages/turtlebot_controller)
[3.998s] Level 1:colcon.colcon_core.shell:create_environment_hook('lidar_tracker', 'pythonpath_develop')
[3.999s] INFO:colcon.colcon_core.shell:Creating environment hook '/home/yuki/650610851_final/build/lidar_tracker/share/lidar_tracker/hook/pythonpath_develop.ps1'
[4.000s] INFO:colcon.colcon_core.shell:Creating environment descriptor '/home/yuki/650610851_final/build/lidar_tracker/share/lidar_tracker/hook/pythonpath_develop.dsv'
[4.002s] INFO:colcon.colcon_core.shell:Creating environment hook '/home/yuki/650610851_final/build/lidar_tracker/share/lidar_tracker/hook/pythonpath_develop.sh'
[4.003s] DEBUG:colcon.colcon_core.event_handler.log_command:Invoked command in '/home/yuki/650610851_final/build/lidar_tracker' returned '0': PYTHONPATH=/home/yuki/650610851_final/build/lidar_tracker/prefix_override:/usr/lib/python3/dist-packages/colcon_core/task/python/colcon_distutils_commands:/home/yuki/650610851_final/install/lidar_tracker/lib/python3.10/site-packages:${PYTHONPATH} /usr/bin/python3 -W ignore:setup.py install is deprecated -W ignore:easy_install command is deprecated setup.py develop --editable --build-directory /home/yuki/650610851_final/build/lidar_tracker/build --no-deps symlink_data
[4.004s] Level 1:colcon.colcon_core.environment:checking '/home/yuki/650610851_final/install/lidar_tracker' for CMake module files
[4.006s] Level 1:colcon.colcon_core.environment:checking '/home/yuki/650610851_final/install/lidar_tracker' for CMake config files
[4.009s] Level 1:colcon.colcon_core.environment:checking '/home/yuki/650610851_final/install/lidar_tracker/lib'
[4.010s] Level 1:colcon.colcon_core.environment:checking '/home/yuki/650610851_final/install/lidar_tracker/bin'
[4.010s] Level 1:colcon.colcon_core.environment:checking '/home/yuki/650610851_final/install/lidar_tracker/lib/pkgconfig/lidar_tracker.pc'
[4.010s] Level 1:colcon.colcon_core.environment:checking '/home/yuki/650610851_final/install/lidar_tracker/lib/python3.10/site-packages'
[4.010s] Level 1:colcon.colcon_core.shell:create_environment_hook('lidar_tracker', 'pythonpath')
[4.010s] INFO:colcon.colcon_core.shell:Creating environment hook '/home/yuki/650610851_final/install/lidar_tracker/share/lidar_tracker/hook/pythonpath.ps1'
[4.011s] INFO:colcon.colcon_core.shell:Creating environment descriptor '/home/yuki/650610851_final/install/lidar_tracker/share/lidar_tracker/hook/pythonpath.dsv'
[4.012s] INFO:colcon.colcon_core.shell:Creating environment hook '/home/yuki/650610851_final/install/lidar_tracker/share/lidar_tracker/hook/pythonpath.sh'
[4.012s] Level 1:colcon.colcon_core.environment:checking '/home/yuki/650610851_final/install/lidar_tracker/bin'
[4.012s] Level 1:colcon.colcon_core.environment:create_environment_scripts_only(lidar_tracker)
[4.013s] INFO:colcon.colcon_core.shell:Creating package script '/home/yuki/650610851_final/install/lidar_tracker/share/lidar_tracker/package.ps1'
[4.014s] INFO:colcon.colcon_core.shell:Creating package descriptor '/home/yuki/650610851_final/install/lidar_tracker/share/lidar_tracker/package.dsv'
[4.015s] INFO:colcon.colcon_core.shell:Creating package script '/home/yuki/650610851_final/install/lidar_tracker/share/lidar_tracker/package.sh'
[4.015s] INFO:colcon.colcon_core.shell:Creating package script '/home/yuki/650610851_final/install/lidar_tracker/share/lidar_tracker/package.bash'
[4.016s] INFO:colcon.colcon_core.shell:Creating package script '/home/yuki/650610851_final/install/lidar_tracker/share/lidar_tracker/package.zsh'
[4.016s] Level 1:colcon.colcon_core.environment:create_file_with_runtime_dependencies(/home/yuki/650610851_final/install/lidar_tracker/share/colcon-core/packages/lidar_tracker)
[4.017s] DEBUG:colcon.colcon_parallel_executor.executor.parallel:closing loop
[4.018s] DEBUG:colcon.colcon_parallel_executor.executor.parallel:loop closed
[4.019s] DEBUG:colcon.colcon_parallel_executor.executor.parallel:run_until_complete finished with '0'
[4.020s] DEBUG:colcon.colcon_core.event_reactor:joining thread
[4.097s] INFO:colcon.colcon_core.plugin_system:Skipping extension 'colcon_notification.desktop_notification.notify_send': Could not find 'notify-send'
[4.098s] INFO:colcon.colcon_core.plugin_system:Skipping extension 'colcon_notification.desktop_notification.terminal_notifier': Not used on non-Darwin systems
[4.098s] INFO:colcon.colcon_core.plugin_system:Skipping extension 'colcon_notification.desktop_notification.win32': Not used on non-Windows systems
[4.098s] INFO:colcon.colcon_notification.desktop_notification:Sending desktop notification using 'notify2'
[4.098s] DEBUG:colcon.colcon_notification.desktop_notification.notify2:Failed to initialize notify2: org.freedesktop.DBus.Error.FileNotFound: Failed to connect to socket /run/user/1000/bus: No such file or directory
[4.098s] DEBUG:colcon.colcon_core.event_reactor:joined thread
[4.099s] INFO:colcon.colcon_core.shell:Creating prefix script '/home/yuki/650610851_final/install/local_setup.ps1'
[4.101s] INFO:colcon.colcon_core.shell:Creating prefix util module '/home/yuki/650610851_final/install/_local_setup_util_ps1.py'
[4.105s] INFO:colcon.colcon_core.shell:Creating prefix chain script '/home/yuki/650610851_final/install/setup.ps1'
[4.109s] INFO:colcon.colcon_core.shell:Creating prefix script '/home/yuki/650610851_final/install/local_setup.sh'
[4.111s] INFO:colcon.colcon_core.shell:Creating prefix util module '/home/yuki/650610851_final/install/_local_setup_util_sh.py'
[4.111s] INFO:colcon.colcon_core.shell:Creating prefix chain script '/home/yuki/650610851_final/install/setup.sh'
[4.115s] INFO:colcon.colcon_core.shell:Creating prefix script '/home/yuki/650610851_final/install/local_setup.bash'
[4.117s] INFO:colcon.colcon_core.shell:Creating prefix chain script '/home/yuki/650610851_final/install/setup.bash'
[4.120s] INFO:colcon.colcon_core.shell:Creating prefix script '/home/yuki/650610851_final/install/local_setup.zsh'
[4.121s] INFO:colcon.colcon_core.shell:Creating prefix chain script '/home/yuki/650610851_final/install/setup.zsh'
