[0.681s] DEBUG:colcon:Command line arguments: ['/usr/bin/colcon', 'build', '--symlink-install']
[0.681s] DEBUG:colcon:Parsed command line arguments: Namespace(log_base=None, log_level=None, verb_name='build', build_base='build', install_base='install', merge_install=False, symlink_install=True, test_result_base=None, continue_on_error=False, executor='parallel', parallel_workers=8, event_handlers=None, ignore_user_meta=False, metas=['./colcon.meta'], base_paths=['.'], packages_ignore=None, packages_ignore_regex=None, paths=None, packages_up_to=None, packages_up_to_regex=None, packages_above=None, packages_above_and_dependencies=None, packages_above_depth=None, packages_select_by_dep=None, packages_skip_by_dep=None, packages_skip_up_to=None, packages_select_build_failed=False, packages_skip_build_finished=False, packages_select_test_failures=False, packages_skip_test_passed=False, packages_select=None, packages_skip=None, packages_select_regex=None, packages_skip_regex=None, packages_start=None, packages_end=None, allow_overriding=[], cmake_args=None, cmake_target=None, cmake_target_skip_unavailable=False, cmake_clean_cache=False, cmake_clean_first=False, cmake_force_configure=False, ament_cmake_args=None, catkin_cmake_args=None, catkin_skip_building_tests=False, mixin_files=None, mixin=None, verb_parser=<colcon_mixin.mixin.mixin_argument.MixinArgumentDecorator object at 0x7fa884f9bd00>, verb_extension=<colcon_core.verb.build.BuildVerb object at 0x7fa8850e0c40>, main=<bound method BuildVerb.main of <colcon_core.verb.build.BuildVerb object at 0x7fa8850e0c40>>, mixin_verb=('build',))
[1.264s] Level 1:colcon.colcon_core.package_discovery:discover_packages(colcon_meta) check parameters
[1.264s] Level 1:colcon.colcon_core.package_discovery:discover_packages(recursive) check parameters
[1.264s] Level 1:colcon.colcon_core.package_discovery:discover_packages(ignore) check parameters
[1.264s] Level 1:colcon.colcon_core.package_discovery:discover_packages(path) check parameters
[1.264s] Level 1:colcon.colcon_core.package_discovery:discover_packages(colcon_meta) discover
[1.265s] Level 1:colcon.colcon_core.package_discovery:discover_packages(recursive) discover
[1.265s] INFO:colcon.colcon_core.package_discovery:Crawling recursively for packages in '/home/yuki/650610851_final'
[1.265s] Level 1:colcon.colcon_core.package_identification:_identify(.) by extensions ['ignore', 'ignore_ament_install']
[1.265s] Level 1:colcon.colcon_core.package_identification:_identify(.) by extension 'ignore'
[1.265s] Level 1:colcon.colcon_core.package_identification:_identify(.) by extension 'ignore_ament_install'
[1.266s] Level 1:colcon.colcon_core.package_identification:_identify(.) by extensions ['colcon_pkg']
[1.266s] Level 1:colcon.colcon_core.package_identification:_identify(.) by extension 'colcon_pkg'
[1.266s] Level 1:colcon.colcon_core.package_identification:_identify(.) by extensions ['colcon_meta']
[1.266s] Level 1:colcon.colcon_core.package_identification:_identify(.) by extension 'colcon_meta'
[1.266s] Level 1:colcon.colcon_core.package_identification:_identify(.) by extensions ['ros']
[1.266s] Level 1:colcon.colcon_core.package_identification:_identify(.) by extension 'ros'
[1.298s] Level 1:colcon.colcon_core.package_identification:_identify(.) by extensions ['cmake', 'python']
[1.298s] Level 1:colcon.colcon_core.package_identification:_identify(.) by extension 'cmake'
[1.298s] Level 1:colcon.colcon_core.package_identification:_identify(.) by extension 'python'
[1.298s] Level 1:colcon.colcon_core.package_identification:_identify(.) by extensions ['python_setup_py']
[1.298s] Level 1:colcon.colcon_core.package_identification:_identify(.) by extension 'python_setup_py'
[1.298s] Level 1:colcon.colcon_core.package_identification:_identify(build) by extensions ['ignore', 'ignore_ament_install']
[1.299s] Level 1:colcon.colcon_core.package_identification:_identify(build) by extension 'ignore'
[1.299s] Level 1:colcon.colcon_core.package_identification:_identify(build) ignored
[1.299s] Level 1:colcon.colcon_core.package_identification:_identify(install) by extensions ['ignore', 'ignore_ament_install']
[1.299s] Level 1:colcon.colcon_core.package_identification:_identify(install) by extension 'ignore'
[1.300s] Level 1:colcon.colcon_core.package_identification:_identify(install) ignored
[1.300s] Level 1:colcon.colcon_core.package_identification:_identify(log) by extensions ['ignore', 'ignore_ament_install']
[1.300s] Level 1:colcon.colcon_core.package_identification:_identify(log) by extension 'ignore'
[1.300s] Level 1:colcon.colcon_core.package_identification:_identify(log) ignored
[1.301s] Level 1:colcon.colcon_core.package_identification:_identify(src) by extensions ['ignore', 'ignore_ament_install']
[1.301s] Level 1:colcon.colcon_core.package_identification:_identify(src) by extension 'ignore'
[1.301s] Level 1:colcon.colcon_core.package_identification:_identify(src) by extension 'ignore_ament_install'
[1.301s] Level 1:colcon.colcon_core.package_identification:_identify(src) by extensions ['colcon_pkg']
[1.301s] Level 1:colcon.colcon_core.package_identification:_identify(src) by extension 'colcon_pkg'
[1.302s] Level 1:colcon.colcon_core.package_identification:_identify(src) by extensions ['colcon_meta']
[1.302s] Level 1:colcon.colcon_core.package_identification:_identify(src) by extension 'colcon_meta'
[1.302s] Level 1:colcon.colcon_core.package_identification:_identify(src) by extensions ['ros']
[1.302s] Level 1:colcon.colcon_core.package_identification:_identify(src) by extension 'ros'
[1.302s] Level 1:colcon.colcon_core.package_identification:_identify(src) by extensions ['cmake', 'python']
[1.302s] Level 1:colcon.colcon_core.package_identification:_identify(src) by extension 'cmake'
[1.302s] Level 1:colcon.colcon_core.package_identification:_identify(src) by extension 'python'
[1.302s] Level 1:colcon.colcon_core.package_identification:_identify(src) by extensions ['python_setup_py']
[1.302s] Level 1:colcon.colcon_core.package_identification:_identify(src) by extension 'python_setup_py'
[1.303s] Level 1:colcon.colcon_core.package_identification:_identify(src/lidar_tracker) by extensions ['ignore', 'ignore_ament_install']
[1.303s] Level 1:colcon.colcon_core.package_identification:_identify(src/lidar_tracker) by extension 'ignore'
[1.303s] Level 1:colcon.colcon_core.package_identification:_identify(src/lidar_tracker) by extension 'ignore_ament_install'
[1.303s] Level 1:colcon.colcon_core.package_identification:_identify(src/lidar_tracker) by extensions ['colcon_pkg']
[1.303s] Level 1:colcon.colcon_core.package_identification:_identify(src/lidar_tracker) by extension 'colcon_pkg'
[1.303s] Level 1:colcon.colcon_core.package_identification:_identify(src/lidar_tracker) by extensions ['colcon_meta']
[1.303s] Level 1:colcon.colcon_core.package_identification:_identify(src/lidar_tracker) by extension 'colcon_meta'
[1.304s] Level 1:colcon.colcon_core.package_identification:_identify(src/lidar_tracker) by extensions ['ros']
[1.304s] Level 1:colcon.colcon_core.package_identification:_identify(src/lidar_tracker) by extension 'ros'
[1.312s] DEBUG:colcon.colcon_core.package_identification:Package 'src/lidar_tracker' with type 'ros.ament_python' and name 'lidar_tracker'
[1.312s] Level 1:colcon.colcon_core.package_identification:_identify(src/turtlebot_controller) by extensions ['ignore', 'ignore_ament_install']
[1.312s] Level 1:colcon.colcon_core.package_identification:_identify(src/turtlebot_controller) by extension 'ignore'
[1.313s] Level 1:colcon.colcon_core.package_identification:_identify(src/turtlebot_controller) by extension 'ignore_ament_install'
[1.313s] Level 1:colcon.colcon_core.package_identification:_identify(src/turtlebot_controller) by extensions ['colcon_pkg']
[1.313s] Level 1:colcon.colcon_core.package_identification:_identify(src/turtlebot_controller) by extension 'colcon_pkg'
[1.313s] Level 1:colcon.colcon_core.package_identification:_identify(src/turtlebot_controller) by extensions ['colcon_meta']
[1.313s] Level 1:colcon.colcon_core.package_identification:_identify(src/turtlebot_controller) by extension 'colcon_meta'
[1.314s] Level 1:colcon.colcon_core.package_identification:_identify(src/turtlebot_controller) by extensions ['ros']
[1.314s] Level 1:colcon.colcon_core.package_identification:_identify(src/turtlebot_controller) by extension 'ros'
[1.316s] DEBUG:colcon.colcon_core.package_identification:Package 'src/turtlebot_controller' with type 'ros.ament_python' and name 'turtlebot_controller'
[1.317s] Level 1:colcon.colcon_core.package_discovery:discover_packages(recursive) using defaults
[1.317s] Level 1:colcon.colcon_core.package_discovery:discover_packages(ignore) discover
[1.317s] Level 1:colcon.colcon_core.package_discovery:discover_packages(ignore) using defaults
[1.317s] Level 1:colcon.colcon_core.package_discovery:discover_packages(path) discover
[1.317s] Level 1:colcon.colcon_core.package_discovery:discover_packages(path) using defaults
[1.407s] Level 1:colcon.colcon_core.package_discovery:discover_packages(prefix_path) check parameters
[1.407s] Level 1:colcon.colcon_core.package_discovery:discover_packages(prefix_path) discover
[1.419s] DEBUG:colcon.colcon_installed_package_information.package_discovery:Found 2 installed packages in /home/yuki/650610851_final/install
[1.421s] DEBUG:colcon.colcon_installed_package_information.package_discovery:Found 1 installed packages in /home/yuki/ros2_ws/install
[1.423s] DEBUG:colcon.colcon_installed_package_information.package_discovery:Found 13 installed packages in /home/yuki/install
[1.425s] DEBUG:colcon.colcon_installed_package_information.package_discovery:Found 12 installed packages in /home/yuki/turtlebot3_ws/install
[1.429s] DEBUG:colcon.colcon_installed_package_information.package_discovery:Found 1 installed packages in /home/yuki/labrobo3_ws/install
[1.433s] DEBUG:colcon.colcon_installed_package_information.package_discovery:Found 399 installed packages in /opt/ros/humble
[1.442s] Level 1:colcon.colcon_core.package_discovery:discover_packages(prefix_path) using defaults
[1.599s] Level 5:colcon.colcon_core.verb:set package 'lidar_tracker' build argument 'cmake_args' from command line to 'None'
[1.600s] Level 5:colcon.colcon_core.verb:set package 'lidar_tracker' build argument 'cmake_target' from command line to 'None'
[1.600s] Level 5:colcon.colcon_core.verb:set package 'lidar_tracker' build argument 'cmake_target_skip_unavailable' from command line to 'False'
[1.600s] Level 5:colcon.colcon_core.verb:set package 'lidar_tracker' build argument 'cmake_clean_cache' from command line to 'False'
[1.600s] Level 5:colcon.colcon_core.verb:set package 'lidar_tracker' build argument 'cmake_clean_first' from command line to 'False'
[1.600s] Level 5:colcon.colcon_core.verb:set package 'lidar_tracker' build argument 'cmake_force_configure' from command line to 'False'
[1.600s] Level 5:colcon.colcon_core.verb:set package 'lidar_tracker' build argument 'ament_cmake_args' from command line to 'None'
[1.600s] Level 5:colcon.colcon_core.verb:set package 'lidar_tracker' build argument 'catkin_cmake_args' from command line to 'None'
[1.600s] Level 5:colcon.colcon_core.verb:set package 'lidar_tracker' build argument 'catkin_skip_building_tests' from command line to 'False'
[1.600s] DEBUG:colcon.colcon_core.verb:Building package 'lidar_tracker' with the following arguments: {'ament_cmake_args': None, 'build_base': '/home/yuki/650610851_final/build/lidar_tracker', 'catkin_cmake_args': None, 'catkin_skip_building_tests': False, 'cmake_args': None, 'cmake_clean_cache': False, 'cmake_clean_first': False, 'cmake_force_configure': False, 'cmake_target': None, 'cmake_target_skip_unavailable': False, 'install_base': '/home/yuki/650610851_final/install/lidar_tracker', 'merge_install': False, 'path': '/home/yuki/650610851_final/src/lidar_tracker', 'symlink_install': True, 'test_result_base': None}
[1.601s] Level 5:colcon.colcon_core.verb:set package 'turtlebot_controller' build argument 'cmake_args' from command line to 'None'
[1.602s] Level 5:colcon.colcon_core.verb:set package 'turtlebot_controller' build argument 'cmake_target' from command line to 'None'
[1.602s] Level 5:colcon.colcon_core.verb:set package 'turtlebot_controller' build argument 'cmake_target_skip_unavailable' from command line to 'False'
[1.602s] Level 5:colcon.colcon_core.verb:set package 'turtlebot_controller' build argument 'cmake_clean_cache' from command line to 'False'
[1.602s] Level 5:colcon.colcon_core.verb:set package 'turtlebot_controller' build argument 'cmake_clean_first' from command line to 'False'
[1.602s] Level 5:colcon.colcon_core.verb:set package 'turtlebot_controller' build argument 'cmake_force_configure' from command line to 'False'
[1.602s] Level 5:colcon.colcon_core.verb:set package 'turtlebot_controller' build argument 'ament_cmake_args' from command line to 'None'
[1.602s] Level 5:colcon.colcon_core.verb:set package 'turtlebot_controller' build argument 'catkin_cmake_args' from command line to 'None'
[1.602s] Level 5:colcon.colcon_core.verb:set package 'turtlebot_controller' build argument 'catkin_skip_building_tests' from command line to 'False'
[1.603s] DEBUG:colcon.colcon_core.verb:Building package 'turtlebot_controller' with the following arguments: {'ament_cmake_args': None, 'build_base': '/home/yuki/650610851_final/build/turtlebot_controller', 'catkin_cmake_args': None, 'catkin_skip_building_tests': False, 'cmake_args': None, 'cmake_clean_cache': False, 'cmake_clean_first': False, 'cmake_force_configure': False, 'cmake_target': None, 'cmake_target_skip_unavailable': False, 'install_base': '/home/yuki/650610851_final/install/turtlebot_controller', 'merge_install': False, 'path': '/home/yuki/650610851_final/src/turtlebot_controller', 'symlink_install': True, 'test_result_base': None}
[1.603s] INFO:colcon.colcon_core.executor:Executing jobs using 'parallel' executor
[1.606s] DEBUG:colcon.colcon_parallel_executor.executor.parallel:run_until_complete
[1.608s] INFO:colcon.colcon_ros.task.ament_python.build:Building ROS package in '/home/yuki/650610851_final/src/lidar_tracker' with build type 'ament_python'
[1.608s] Level 1:colcon.colcon_core.shell:create_environment_hook('lidar_tracker', 'ament_prefix_path')
[1.617s] INFO:colcon.colcon_core.plugin_system:Skipping extension 'colcon_core.shell.bat': Not used on non-Windows systems
[1.618s] INFO:colcon.colcon_core.shell:Creating environment hook '/home/yuki/650610851_final/install/lidar_tracker/share/lidar_tracker/hook/ament_prefix_path.ps1'
[1.621s] INFO:colcon.colcon_core.shell:Creating environment descriptor '/home/yuki/650610851_final/install/lidar_tracker/share/lidar_tracker/hook/ament_prefix_path.dsv'
[1.623s] INFO:colcon.colcon_core.shell:Creating environment hook '/home/yuki/650610851_final/install/lidar_tracker/share/lidar_tracker/hook/ament_prefix_path.sh'
[1.626s] INFO:colcon.colcon_core.shell:Skip shell extension 'powershell' for command environment: Not usable outside of PowerShell
[1.627s] DEBUG:colcon.colcon_core.shell:Skip shell extension 'dsv' for command environment
[1.647s] INFO:colcon.colcon_ros.task.ament_python.build:Building ROS package in '/home/yuki/650610851_final/src/turtlebot_controller' with build type 'ament_python'
[1.648s] Level 1:colcon.colcon_core.shell:create_environment_hook('turtlebot_controller', 'ament_prefix_path')
[1.649s] INFO:colcon.colcon_core.shell:Creating environment hook '/home/yuki/650610851_final/install/turtlebot_controller/share/turtlebot_controller/hook/ament_prefix_path.ps1'
[1.651s] INFO:colcon.colcon_core.shell:Creating environment descriptor '/home/yuki/650610851_final/install/turtlebot_controller/share/turtlebot_controller/hook/ament_prefix_path.dsv'
[1.653s] INFO:colcon.colcon_core.shell:Creating environment hook '/home/yuki/650610851_final/install/turtlebot_controller/share/turtlebot_controller/hook/ament_prefix_path.sh'
[1.656s] INFO:colcon.colcon_core.shell:Skip shell extension 'powershell' for command environment: Not usable outside of PowerShell
[1.656s] DEBUG:colcon.colcon_core.shell:Skip shell extension 'dsv' for command environment
[2.519s] INFO:colcon.colcon_core.task.python.build:Building Python package in '/home/yuki/650610851_final/src/lidar_tracker'
[2.520s] INFO:colcon.colcon_core.shell:Skip shell extension 'powershell' for command environment: Not usable outside of PowerShell
[2.520s] DEBUG:colcon.colcon_core.shell:Skip shell extension 'dsv' for command environment
[3.392s] INFO:colcon.colcon_core.task.python.build:Building Python package in '/home/yuki/650610851_final/src/turtlebot_controller'
[3.393s] INFO:colcon.colcon_core.shell:Skip shell extension 'powershell' for command environment: Not usable outside of PowerShell
[3.393s] DEBUG:colcon.colcon_core.shell:Skip shell extension 'dsv' for command environment
[3.017s] DEBUG:colcon.colcon_core.event_handler.log_command:Invoking command in '/home/yuki/650610851_final/build/lidar_tracker': PYTHONPATH=/home/yuki/650610851_final/build/lidar_tracker/prefix_override:/usr/lib/python3/dist-packages/colcon_core/task/python/colcon_distutils_commands:/home/yuki/650610851_final/install/lidar_tracker/lib/python3.10/site-packages:${PYTHONPATH} /usr/bin/python3 -W ignore:setup.py install is deprecated -W ignore:easy_install command is deprecated setup.py develop --editable --build-directory /home/yuki/650610851_final/build/lidar_tracker/build --no-deps symlink_data
[3.237s] DEBUG:colcon.colcon_core.event_handler.log_command:Invoking command in '/home/yuki/650610851_final/build/turtlebot_controller': PYTHONPATH=/home/yuki/650610851_final/build/turtlebot_controller/prefix_override:/usr/lib/python3/dist-packages/colcon_core/task/python/colcon_distutils_commands:/home/yuki/650610851_final/install/turtlebot_controller/lib/python3.10/site-packages:${PYTHONPATH} /usr/bin/python3 -W ignore:setup.py install is deprecated -W ignore:easy_install command is deprecated setup.py develop --editable --build-directory /home/yuki/650610851_final/build/turtlebot_controller/build --no-deps symlink_data
[4.750s] Level 1:colcon.colcon_core.shell:create_environment_hook('lidar_tracker', 'pythonpath_develop')
[4.751s] INFO:colcon.colcon_core.shell:Creating environment hook '/home/yuki/650610851_final/build/lidar_tracker/share/lidar_tracker/hook/pythonpath_develop.ps1'
[4.753s] DEBUG:colcon.colcon_core.event_handler.log_command:Invoked command in '/home/yuki/650610851_final/build/lidar_tracker' returned '0': PYTHONPATH=/home/yuki/650610851_final/build/lidar_tracker/prefix_override:/usr/lib/python3/dist-packages/colcon_core/task/python/colcon_distutils_commands:/home/yuki/650610851_final/install/lidar_tracker/lib/python3.10/site-packages:${PYTHONPATH} /usr/bin/python3 -W ignore:setup.py install is deprecated -W ignore:easy_install command is deprecated setup.py develop --editable --build-directory /home/yuki/650610851_final/build/lidar_tracker/build --no-deps symlink_data
[4.755s] INFO:colcon.colcon_core.shell:Creating environment descriptor '/home/yuki/650610851_final/build/lidar_tracker/share/lidar_tracker/hook/pythonpath_develop.dsv'
[4.756s] INFO:colcon.colcon_core.shell:Creating environment hook '/home/yuki/650610851_final/build/lidar_tracker/share/lidar_tracker/hook/pythonpath_develop.sh'
[4.764s] Level 1:colcon.colcon_core.environment:checking '/home/yuki/650610851_final/install/lidar_tracker' for CMake module files
[4.765s] Level 1:colcon.colcon_core.environment:checking '/home/yuki/650610851_final/install/lidar_tracker' for CMake config files
[4.766s] Level 1:colcon.colcon_core.environment:checking '/home/yuki/650610851_final/install/lidar_tracker/lib'
[4.767s] Level 1:colcon.colcon_core.environment:checking '/home/yuki/650610851_final/install/lidar_tracker/bin'
[4.767s] Level 1:colcon.colcon_core.environment:checking '/home/yuki/650610851_final/install/lidar_tracker/lib/pkgconfig/lidar_tracker.pc'
[4.768s] Level 1:colcon.colcon_core.environment:checking '/home/yuki/650610851_final/install/lidar_tracker/lib/python3.10/site-packages'
[4.769s] Level 1:colcon.colcon_core.shell:create_environment_hook('lidar_tracker', 'pythonpath')
[4.769s] INFO:colcon.colcon_core.shell:Creating environment hook '/home/yuki/650610851_final/install/lidar_tracker/share/lidar_tracker/hook/pythonpath.ps1'
[4.771s] INFO:colcon.colcon_core.shell:Creating environment descriptor '/home/yuki/650610851_final/install/lidar_tracker/share/lidar_tracker/hook/pythonpath.dsv'
[4.772s] INFO:colcon.colcon_core.shell:Creating environment hook '/home/yuki/650610851_final/install/lidar_tracker/share/lidar_tracker/hook/pythonpath.sh'
[4.774s] Level 1:colcon.colcon_core.environment:checking '/home/yuki/650610851_final/install/lidar_tracker/bin'
[4.774s] Level 1:colcon.colcon_core.environment:create_environment_scripts_only(lidar_tracker)
[4.776s] INFO:colcon.colcon_core.shell:Creating package script '/home/yuki/650610851_final/install/lidar_tracker/share/lidar_tracker/package.ps1'
[4.778s] INFO:colcon.colcon_core.shell:Creating package descriptor '/home/yuki/650610851_final/install/lidar_tracker/share/lidar_tracker/package.dsv'
[4.780s] INFO:colcon.colcon_core.shell:Creating package script '/home/yuki/650610851_final/install/lidar_tracker/share/lidar_tracker/package.sh'
[4.782s] INFO:colcon.colcon_core.shell:Creating package script '/home/yuki/650610851_final/install/lidar_tracker/share/lidar_tracker/package.bash'
[4.785s] INFO:colcon.colcon_core.shell:Creating package script '/home/yuki/650610851_final/install/lidar_tracker/share/lidar_tracker/package.zsh'
[4.787s] Level 1:colcon.colcon_core.environment:create_file_with_runtime_dependencies(/home/yuki/650610851_final/install/lidar_tracker/share/colcon-core/packages/lidar_tracker)
[4.920s] Level 1:colcon.colcon_core.shell:create_environment_hook('turtlebot_controller', 'pythonpath_develop')
[4.921s] INFO:colcon.colcon_core.shell:Creating environment hook '/home/yuki/650610851_final/build/turtlebot_controller/share/turtlebot_controller/hook/pythonpath_develop.ps1'
[4.922s] DEBUG:colcon.colcon_core.event_handler.log_command:Invoked command in '/home/yuki/650610851_final/build/turtlebot_controller' returned '0': PYTHONPATH=/home/yuki/650610851_final/build/turtlebot_controller/prefix_override:/usr/lib/python3/dist-packages/colcon_core/task/python/colcon_distutils_commands:/home/yuki/650610851_final/install/turtlebot_controller/lib/python3.10/site-packages:${PYTHONPATH} /usr/bin/python3 -W ignore:setup.py install is deprecated -W ignore:easy_install command is deprecated setup.py develop --editable --build-directory /home/yuki/650610851_final/build/turtlebot_controller/build --no-deps symlink_data
[4.924s] INFO:colcon.colcon_core.shell:Creating environment descriptor '/home/yuki/650610851_final/build/turtlebot_controller/share/turtlebot_controller/hook/pythonpath_develop.dsv'
[4.925s] INFO:colcon.colcon_core.shell:Creating environment hook '/home/yuki/650610851_final/build/turtlebot_controller/share/turtlebot_controller/hook/pythonpath_develop.sh'
[4.927s] Level 1:colcon.colcon_core.environment:checking '/home/yuki/650610851_final/install/turtlebot_controller' for CMake module files
[4.928s] Level 1:colcon.colcon_core.environment:checking '/home/yuki/650610851_final/install/turtlebot_controller' for CMake config files
[4.929s] Level 1:colcon.colcon_core.environment:checking '/home/yuki/650610851_final/install/turtlebot_controller/lib'
[4.929s] Level 1:colcon.colcon_core.environment:checking '/home/yuki/650610851_final/install/turtlebot_controller/bin'
[4.929s] Level 1:colcon.colcon_core.environment:checking '/home/yuki/650610851_final/install/turtlebot_controller/lib/pkgconfig/turtlebot_controller.pc'
[4.930s] Level 1:colcon.colcon_core.environment:checking '/home/yuki/650610851_final/install/turtlebot_controller/lib/python3.10/site-packages'
[4.930s] Level 1:colcon.colcon_core.shell:create_environment_hook('turtlebot_controller', 'pythonpath')
[4.931s] INFO:colcon.colcon_core.shell:Creating environment hook '/home/yuki/650610851_final/install/turtlebot_controller/share/turtlebot_controller/hook/pythonpath.ps1'
[4.932s] INFO:colcon.colcon_core.shell:Creating environment descriptor '/home/yuki/650610851_final/install/turtlebot_controller/share/turtlebot_controller/hook/pythonpath.dsv'
[4.934s] INFO:colcon.colcon_core.shell:Creating environment hook '/home/yuki/650610851_final/install/turtlebot_controller/share/turtlebot_controller/hook/pythonpath.sh'
[4.936s] Level 1:colcon.colcon_core.environment:checking '/home/yuki/650610851_final/install/turtlebot_controller/bin'
[4.936s] Level 1:colcon.colcon_core.environment:create_environment_scripts_only(turtlebot_controller)
[4.937s] INFO:colcon.colcon_core.shell:Creating package script '/home/yuki/650610851_final/install/turtlebot_controller/share/turtlebot_controller/package.ps1'
[4.939s] INFO:colcon.colcon_core.shell:Creating package descriptor '/home/yuki/650610851_final/install/turtlebot_controller/share/turtlebot_controller/package.dsv'
[4.941s] INFO:colcon.colcon_core.shell:Creating package script '/home/yuki/650610851_final/install/turtlebot_controller/share/turtlebot_controller/package.sh'
[4.942s] INFO:colcon.colcon_core.shell:Creating package script '/home/yuki/650610851_final/install/turtlebot_controller/share/turtlebot_controller/package.bash'
[4.944s] INFO:colcon.colcon_core.shell:Creating package script '/home/yuki/650610851_final/install/turtlebot_controller/share/turtlebot_controller/package.zsh'
[4.945s] Level 1:colcon.colcon_core.environment:create_file_with_runtime_dependencies(/home/yuki/650610851_final/install/turtlebot_controller/share/colcon-core/packages/turtlebot_controller)
[4.946s] DEBUG:colcon.colcon_parallel_executor.executor.parallel:closing loop
[4.948s] DEBUG:colcon.colcon_parallel_executor.executor.parallel:loop closed
[4.948s] DEBUG:colcon.colcon_parallel_executor.executor.parallel:run_until_complete finished with '0'
[4.949s] DEBUG:colcon.colcon_core.event_reactor:joining thread
[5.079s] INFO:colcon.colcon_core.plugin_system:Skipping extension 'colcon_notification.desktop_notification.notify_send': Could not find 'notify-send'
[5.080s] INFO:colcon.colcon_core.plugin_system:Skipping extension 'colcon_notification.desktop_notification.terminal_notifier': Not used on non-Darwin systems
[5.080s] INFO:colcon.colcon_core.plugin_system:Skipping extension 'colcon_notification.desktop_notification.win32': Not used on non-Windows systems
[5.080s] INFO:colcon.colcon_notification.desktop_notification:Sending desktop notification using 'notify2'
[5.080s] DEBUG:colcon.colcon_notification.desktop_notification.notify2:Failed to initialize notify2: org.freedesktop.DBus.Error.FileNotFound: Failed to connect to socket /run/user/1000/bus: No such file or directory
[5.080s] DEBUG:colcon.colcon_core.event_reactor:joined thread
[5.081s] INFO:colcon.colcon_core.shell:Creating prefix script '/home/yuki/650610851_final/install/local_setup.ps1'
[5.083s] INFO:colcon.colcon_core.shell:Creating prefix util module '/home/yuki/650610851_final/install/_local_setup_util_ps1.py'
[5.086s] INFO:colcon.colcon_core.shell:Creating prefix chain script '/home/yuki/650610851_final/install/setup.ps1'
[5.091s] INFO:colcon.colcon_core.shell:Creating prefix script '/home/yuki/650610851_final/install/local_setup.sh'
[5.093s] INFO:colcon.colcon_core.shell:Creating prefix util module '/home/yuki/650610851_final/install/_local_setup_util_sh.py'
[5.096s] INFO:colcon.colcon_core.shell:Creating prefix chain script '/home/yuki/650610851_final/install/setup.sh'
[5.102s] INFO:colcon.colcon_core.shell:Creating prefix script '/home/yuki/650610851_final/install/local_setup.bash'
[5.104s] INFO:colcon.colcon_core.shell:Creating prefix chain script '/home/yuki/650610851_final/install/setup.bash'
[5.110s] INFO:colcon.colcon_core.shell:Creating prefix script '/home/yuki/650610851_final/install/local_setup.zsh'
[5.112s] INFO:colcon.colcon_core.shell:Creating prefix chain script '/home/yuki/650610851_final/install/setup.zsh'
