[3.353s] Invoking command in '/home/yuki/650610851_final/src/turtlebot_controller': PYTHONPATH=/home/yuki/650610851_final/build/turtlebot_controller/prefix_override:/usr/lib/python3/dist-packages/colcon_core/task/python/colcon_distutils_commands:/home/yuki/650610851_final/install/turtlebot_controller/lib/python3.10/site-packages:${PYTHONPATH} /usr/bin/python3 -W ignore:setup.py install is deprecated -W ignore:easy_install command is deprecated setup.py egg_info --egg-base ../../build/turtlebot_controller build --build-base /home/yuki/650610851_final/build/turtlebot_controller/build install --record /home/yuki/650610851_final/build/turtlebot_controller/install.log --single-version-externally-managed install_data
[4.254s] running egg_info
[4.256s] writing ../../build/turtlebot_controller/turtlebot_controller.egg-info/PKG-INFO
[4.256s] writing dependency_links to ../../build/turtlebot_controller/turtlebot_controller.egg-info/dependency_links.txt
[4.257s] writing entry points to ../../build/turtlebot_controller/turtlebot_controller.egg-info/entry_points.txt
[4.258s] writing requirements to ../../build/turtlebot_controller/turtlebot_controller.egg-info/requires.txt
[4.259s] writing top-level names to ../../build/turtlebot_controller/turtlebot_controller.egg-info/top_level.txt
[4.263s] reading manifest file '../../build/turtlebot_controller/turtlebot_controller.egg-info/SOURCES.txt'
[4.267s] writing manifest file '../../build/turtlebot_controller/turtlebot_controller.egg-info/SOURCES.txt'
[4.267s] running build
[4.268s] running build_py
[4.269s] running install
[4.270s] running install_lib
[4.278s] running install_data
[4.279s] running install_egg_info
[4.283s] removing '/home/yuki/650610851_final/install/turtlebot_controller/lib/python3.10/site-packages/turtlebot_controller-0.0.0-py3.10.egg-info' (and everything under it)
[4.284s] Copying ../../build/turtlebot_controller/turtlebot_controller.egg-info to /home/yuki/650610851_final/install/turtlebot_controller/lib/python3.10/site-packages/turtlebot_controller-0.0.0-py3.10.egg-info
[4.289s] running install_scripts
[4.350s] Installing move_node script to /home/yuki/650610851_final/install/turtlebot_controller/lib/turtlebot_controller
[4.351s] writing list of installed files to '/home/yuki/650610851_final/build/turtlebot_controller/install.log'
[4.441s] Invoked command in '/home/yuki/650610851_final/src/turtlebot_controller' returned '0': PYTHONPATH=/home/yuki/650610851_final/build/turtlebot_controller/prefix_override:/usr/lib/python3/dist-packages/colcon_core/task/python/colcon_distutils_commands:/home/yuki/650610851_final/install/turtlebot_controller/lib/python3.10/site-packages:${PYTHONPATH} /usr/bin/python3 -W ignore:setup.py install is deprecated -W ignore:easy_install command is deprecated setup.py egg_info --egg-base ../../build/turtlebot_controller build --build-base /home/yuki/650610851_final/build/turtlebot_controller/build install --record /home/yuki/650610851_final/build/turtlebot_controller/install.log --single-version-externally-managed install_data
