[3.008s] Invoking command in '/home/yuki/650610851_final/build/turtlebot_controller': PYTHONPATH=/home/yuki/650610851_final/build/turtlebot_controller/prefix_override:/usr/lib/python3/dist-packages/colcon_core/task/python/colcon_distutils_commands:/home/yuki/650610851_final/install/turtlebot_controller/lib/python3.10/site-packages:${PYTHONPATH} /usr/bin/python3 -W ignore:setup.py install is deprecated -W ignore:easy_install command is deprecated setup.py develop --editable --build-directory /home/yuki/650610851_final/build/turtlebot_controller/build --no-deps symlink_data
[4.188s] running develop
[4.926s] running egg_info
[4.926s] creating turtlebot_controller.egg-info
[4.928s] writing turtlebot_controller.egg-info/PKG-INFO
[4.929s] writing dependency_links to turtlebot_controller.egg-info/dependency_links.txt
[4.930s] writing entry points to turtlebot_controller.egg-info/entry_points.txt
[4.931s] writing requirements to turtlebot_controller.egg-info/requires.txt
[4.931s] writing top-level names to turtlebot_controller.egg-info/top_level.txt
[4.932s] writing manifest file 'turtlebot_controller.egg-info/SOURCES.txt'
[4.937s] reading manifest file 'turtlebot_controller.egg-info/SOURCES.txt'
[4.939s] writing manifest file 'turtlebot_controller.egg-info/SOURCES.txt'
[4.946s] running build_ext
[4.946s] Creating /home/yuki/650610851_final/install/turtlebot_controller/lib/python3.10/site-packages/turtlebot-controller.egg-link (link to .)
[4.949s] Installing move_node script to /home/yuki/650610851_final/install/turtlebot_controller/lib/turtlebot_controller
[4.951s] 
[4.951s] Installed /home/yuki/650610851_final/build/turtlebot_controller
[4.951s] running symlink_data
[4.952s] creating /home/yuki/650610851_final/install/turtlebot_controller/share/ament_index
[4.952s] creating /home/yuki/650610851_final/install/turtlebot_controller/share/ament_index/resource_index
[4.953s] creating /home/yuki/650610851_final/install/turtlebot_controller/share/ament_index/resource_index/packages
[4.954s] symbolically linking /home/yuki/650610851_final/build/turtlebot_controller/resource/turtlebot_controller -> /home/yuki/650610851_final/install/turtlebot_controller/share/ament_index/resource_index/packages
[4.956s] symbolically linking /home/yuki/650610851_final/build/turtlebot_controller/package.xml -> /home/yuki/650610851_final/install/turtlebot_controller/share/turtlebot_controller
[4.957s] creating /home/yuki/650610851_final/install/turtlebot_controller/share/turtlebot_controller/launch
[4.958s] symbolically linking /home/yuki/650610851_final/build/turtlebot_controller/launch/turtlebot_launch.py -> /home/yuki/650610851_final/install/turtlebot_controller/share/turtlebot_controller/launch
[5.074s] Invoked command in '/home/yuki/650610851_final/build/turtlebot_controller' returned '0': PYTHONPATH=/home/yuki/650610851_final/build/turtlebot_controller/prefix_override:/usr/lib/python3/dist-packages/colcon_core/task/python/colcon_distutils_commands:/home/yuki/650610851_final/install/turtlebot_controller/lib/python3.10/site-packages:${PYTHONPATH} /usr/bin/python3 -W ignore:setup.py install is deprecated -W ignore:easy_install command is deprecated setup.py develop --editable --build-directory /home/yuki/650610851_final/build/turtlebot_controller/build --no-deps symlink_data
