[0.594s] DEBUG:colcon:Command line arguments: ['/usr/bin/colcon', 'build', '--symlink-install']
[0.594s] DEBUG:colcon:Parsed command line arguments: Namespace(log_base=None, log_level=None, verb_name='build', build_base='build', install_base='install', merge_install=False, symlink_install=True, test_result_base=None, continue_on_error=False, executor='parallel', parallel_workers=8, event_handlers=None, ignore_user_meta=False, metas=['./colcon.meta'], base_paths=['.'], packages_ignore=None, packages_ignore_regex=None, paths=None, packages_up_to=None, packages_up_to_regex=None, packages_above=None, packages_above_and_dependencies=None, packages_above_depth=None, packages_select_by_dep=None, packages_skip_by_dep=None, packages_skip_up_to=None, packages_select_build_failed=False, packages_skip_build_finished=False, packages_select_test_failures=False, packages_skip_test_passed=False, packages_select=None, packages_skip=None, packages_select_regex=None, packages_skip_regex=None, packages_start=None, packages_end=None, allow_overriding=[], cmake_args=None, cmake_target=None, cmake_target_skip_unavailable=False, cmake_clean_cache=False, cmake_clean_first=False, cmake_force_configure=False, ament_cmake_args=None, catkin_cmake_args=None, catkin_skip_building_tests=False, mixin_files=None, mixin=None, verb_parser=<colcon_mixin.mixin.mixin_argument.MixinArgumentDecorator object at 0x7fe82f53b460>, verb_extension=<colcon_core.verb.build.BuildVerb object at 0x7fe82f678340>, main=<bound method BuildVerb.main of <colcon_core.verb.build.BuildVerb object at 0x7fe82f678340>>, mixin_verb=('build',))
[1.043s] Level 1:colcon.colcon_core.package_discovery:discover_packages(colcon_meta) check parameters
[1.043s] Level 1:colcon.colcon_core.package_discovery:discover_packages(recursive) check parameters
[1.043s] Level 1:colcon.colcon_core.package_discovery:discover_packages(ignore) check parameters
[1.043s] Level 1:colcon.colcon_core.package_discovery:discover_packages(path) check parameters
[1.043s] Level 1:colcon.colcon_core.package_discovery:discover_packages(colcon_meta) discover
[1.043s] Level 1:colcon.colcon_core.package_discovery:discover_packages(recursive) discover
[1.043s] INFO:colcon.colcon_core.package_discovery:Crawling recursively for packages in '/home/yuki/650610851_final'
[1.043s] Level 1:colcon.colcon_core.package_identification:_identify(.) by extensions ['ignore', 'ignore_ament_install']
[1.044s] Level 1:colcon.colcon_core.package_identification:_identify(.) by extension 'ignore'
[1.044s] Level 1:colcon.colcon_core.package_identification:_identify(.) by extension 'ignore_ament_install'
[1.044s] Level 1:colcon.colcon_core.package_identification:_identify(.) by extensions ['colcon_pkg']
[1.044s] Level 1:colcon.colcon_core.package_identification:_identify(.) by extension 'colcon_pkg'
[1.044s] Level 1:colcon.colcon_core.package_identification:_identify(.) by extensions ['colcon_meta']
[1.044s] Level 1:colcon.colcon_core.package_identification:_identify(.) by extension 'colcon_meta'
[1.044s] Level 1:colcon.colcon_core.package_identification:_identify(.) by extensions ['ros']
[1.044s] Level 1:colcon.colcon_core.package_identification:_identify(.) by extension 'ros'
[1.067s] Level 1:colcon.colcon_core.package_identification:_identify(.) by extensions ['cmake', 'python']
[1.067s] Level 1:colcon.colcon_core.package_identification:_identify(.) by extension 'cmake'
[1.067s] Level 1:colcon.colcon_core.package_identification:_identify(.) by extension 'python'
[1.067s] Level 1:colcon.colcon_core.package_identification:_identify(.) by extensions ['python_setup_py']
[1.067s] Level 1:colcon.colcon_core.package_identification:_identify(.) by extension 'python_setup_py'
[1.067s] Level 1:colcon.colcon_core.package_identification:_identify(build) by extensions ['ignore', 'ignore_ament_install']
[1.067s] Level 1:colcon.colcon_core.package_identification:_identify(build) by extension 'ignore'
[1.067s] Level 1:colcon.colcon_core.package_identification:_identify(build) ignored
[1.067s] Level 1:colcon.colcon_core.package_identification:_identify(install) by extensions ['ignore', 'ignore_ament_install']
[1.068s] Level 1:colcon.colcon_core.package_identification:_identify(install) by extension 'ignore'
[1.068s] Level 1:colcon.colcon_core.package_identification:_identify(install) ignored
[1.068s] Level 1:colcon.colcon_core.package_identification:_identify(log) by extensions ['ignore', 'ignore_ament_install']
[1.068s] Level 1:colcon.colcon_core.package_identification:_identify(log) by extension 'ignore'
[1.068s] Level 1:colcon.colcon_core.package_identification:_identify(log) ignored
[1.068s] Level 1:colcon.colcon_core.package_identification:_identify(src) by extensions ['ignore', 'ignore_ament_install']
[1.068s] Level 1:colcon.colcon_core.package_identification:_identify(src) by extension 'ignore'
[1.068s] Level 1:colcon.colcon_core.package_identification:_identify(src) by extension 'ignore_ament_install'
[1.068s] Level 1:colcon.colcon_core.package_identification:_identify(src) by extensions ['colcon_pkg']
[1.068s] Level 1:colcon.colcon_core.package_identification:_identify(src) by extension 'colcon_pkg'
[1.068s] Level 1:colcon.colcon_core.package_identification:_identify(src) by extensions ['colcon_meta']
[1.068s] Level 1:colcon.colcon_core.package_identification:_identify(src) by extension 'colcon_meta'
[1.068s] Level 1:colcon.colcon_core.package_identification:_identify(src) by extensions ['ros']
[1.068s] Level 1:colcon.colcon_core.package_identification:_identify(src) by extension 'ros'
[1.069s] Level 1:colcon.colcon_core.package_identification:_identify(src) by extensions ['cmake', 'python']
[1.069s] Level 1:colcon.colcon_core.package_identification:_identify(src) by extension 'cmake'
[1.069s] Level 1:colcon.colcon_core.package_identification:_identify(src) by extension 'python'
[1.069s] Level 1:colcon.colcon_core.package_identification:_identify(src) by extensions ['python_setup_py']
[1.069s] Level 1:colcon.colcon_core.package_identification:_identify(src) by extension 'python_setup_py'
[1.069s] Level 1:colcon.colcon_core.package_identification:_identify(src/lidar_tracker) by extensions ['ignore', 'ignore_ament_install']
[1.069s] Level 1:colcon.colcon_core.package_identification:_identify(src/lidar_tracker) by extension 'ignore'
[1.069s] Level 1:colcon.colcon_core.package_identification:_identify(src/lidar_tracker) by extension 'ignore_ament_install'
[1.069s] Level 1:colcon.colcon_core.package_identification:_identify(src/lidar_tracker) by extensions ['colcon_pkg']
[1.069s] Level 1:colcon.colcon_core.package_identification:_identify(src/lidar_tracker) by extension 'colcon_pkg'
[1.069s] Level 1:colcon.colcon_core.package_identification:_identify(src/lidar_tracker) by extensions ['colcon_meta']
[1.069s] Level 1:colcon.colcon_core.package_identification:_identify(src/lidar_tracker) by extension 'colcon_meta'
[1.069s] Level 1:colcon.colcon_core.package_identification:_identify(src/lidar_tracker) by extensions ['ros']
[1.069s] Level 1:colcon.colcon_core.package_identification:_identify(src/lidar_tracker) by extension 'ros'
[1.075s] DEBUG:colcon.colcon_core.package_identification:Package 'src/lidar_tracker' with type 'ros.ament_python' and name 'lidar_tracker'
[1.075s] Level 1:colcon.colcon_core.package_identification:_identify(src/turtlebot_controller) by extensions ['ignore', 'ignore_ament_install']
[1.075s] Level 1:colcon.colcon_core.package_identification:_identify(src/turtlebot_controller) by extension 'ignore'
[1.075s] Level 1:colcon.colcon_core.package_identification:_identify(src/turtlebot_controller) by extension 'ignore_ament_install'
[1.075s] Level 1:colcon.colcon_core.package_identification:_identify(src/turtlebot_controller) by extensions ['colcon_pkg']
[1.075s] Level 1:colcon.colcon_core.package_identification:_identify(src/turtlebot_controller) by extension 'colcon_pkg'
[1.076s] Level 1:colcon.colcon_core.package_identification:_identify(src/turtlebot_controller) by extensions ['colcon_meta']
[1.076s] Level 1:colcon.colcon_core.package_identification:_identify(src/turtlebot_controller) by extension 'colcon_meta'
[1.076s] Level 1:colcon.colcon_core.package_identification:_identify(src/turtlebot_controller) by extensions ['ros']
[1.076s] Level 1:colcon.colcon_core.package_identification:_identify(src/turtlebot_controller) by extension 'ros'
[1.078s] DEBUG:colcon.colcon_core.package_identification:Package 'src/turtlebot_controller' with type 'ros.ament_python' and name 'turtlebot_controller'
[1.079s] Level 1:colcon.colcon_core.package_discovery:discover_packages(recursive) using defaults
[1.079s] Level 1:colcon.colcon_core.package_discovery:discover_packages(ignore) discover
[1.079s] Level 1:colcon.colcon_core.package_discovery:discover_packages(ignore) using defaults
[1.079s] Level 1:colcon.colcon_core.package_discovery:discover_packages(path) discover
[1.079s] Level 1:colcon.colcon_core.package_discovery:discover_packages(path) using defaults
[1.143s] Level 1:colcon.colcon_core.package_discovery:discover_packages(prefix_path) check parameters
[1.143s] Level 1:colcon.colcon_core.package_discovery:discover_packages(prefix_path) discover
[1.151s] DEBUG:colcon.colcon_installed_package_information.package_discovery:Found 1 installed packages in /home/yuki/ros2_ws/install
[1.152s] DEBUG:colcon.colcon_installed_package_information.package_discovery:Found 13 installed packages in /home/yuki/install
[1.153s] DEBUG:colcon.colcon_installed_package_information.package_discovery:Found 12 installed packages in /home/yuki/turtlebot3_ws/install
[1.156s] DEBUG:colcon.colcon_installed_package_information.package_discovery:Found 1 installed packages in /home/yuki/labrobo3_ws/install
[1.161s] DEBUG:colcon.colcon_installed_package_information.package_discovery:Found 399 installed packages in /opt/ros/humble
[1.166s] Level 1:colcon.colcon_core.package_discovery:discover_packages(prefix_path) using defaults
[1.318s] Level 5:colcon.colcon_core.verb:set package 'lidar_tracker' build argument 'cmake_args' from command line to 'None'
[1.319s] Level 5:colcon.colcon_core.verb:set package 'lidar_tracker' build argument 'cmake_target' from command line to 'None'
[1.319s] Level 5:colcon.colcon_core.verb:set package 'lidar_tracker' build argument 'cmake_target_skip_unavailable' from command line to 'False'
[1.319s] Level 5:colcon.colcon_core.verb:set package 'lidar_tracker' build argument 'cmake_clean_cache' from command line to 'False'
[1.319s] Level 5:colcon.colcon_core.verb:set package 'lidar_tracker' build argument 'cmake_clean_first' from command line to 'False'
[1.319s] Level 5:colcon.colcon_core.verb:set package 'lidar_tracker' build argument 'cmake_force_configure' from command line to 'False'
[1.319s] Level 5:colcon.colcon_core.verb:set package 'lidar_tracker' build argument 'ament_cmake_args' from command line to 'None'
[1.319s] Level 5:colcon.colcon_core.verb:set package 'lidar_tracker' build argument 'catkin_cmake_args' from command line to 'None'
[1.319s] Level 5:colcon.colcon_core.verb:set package 'lidar_tracker' build argument 'catkin_skip_building_tests' from command line to 'False'
[1.319s] DEBUG:colcon.colcon_core.verb:Building package 'lidar_tracker' with the following arguments: {'ament_cmake_args': None, 'build_base': '/home/yuki/650610851_final/build/lidar_tracker', 'catkin_cmake_args': None, 'catkin_skip_building_tests': False, 'cmake_args': None, 'cmake_clean_cache': False, 'cmake_clean_first': False, 'cmake_force_configure': False, 'cmake_target': None, 'cmake_target_skip_unavailable': False, 'install_base': '/home/yuki/650610851_final/install/lidar_tracker', 'merge_install': False, 'path': '/home/yuki/650610851_final/src/lidar_tracker', 'symlink_install': True, 'test_result_base': None}
[1.320s] Level 5:colcon.colcon_core.verb:set package 'turtlebot_controller' build argument 'cmake_args' from command line to 'None'
[1.320s] Level 5:colcon.colcon_core.verb:set package 'turtlebot_controller' build argument 'cmake_target' from command line to 'None'
[1.320s] Level 5:colcon.colcon_core.verb:set package 'turtlebot_controller' build argument 'cmake_target_skip_unavailable' from command line to 'False'
[1.320s] Level 5:colcon.colcon_core.verb:set package 'turtlebot_controller' build argument 'cmake_clean_cache' from command line to 'False'
[1.320s] Level 5:colcon.colcon_core.verb:set package 'turtlebot_controller' build argument 'cmake_clean_first' from command line to 'False'
[1.320s] Level 5:colcon.colcon_core.verb:set package 'turtlebot_controller' build argument 'cmake_force_configure' from command line to 'False'
[1.320s] Level 5:colcon.colcon_core.verb:set package 'turtlebot_controller' build argument 'ament_cmake_args' from command line to 'None'
[1.320s] Level 5:colcon.colcon_core.verb:set package 'turtlebot_controller' build argument 'catkin_cmake_args' from command line to 'None'
[1.320s] Level 5:colcon.colcon_core.verb:set package 'turtlebot_controller' build argument 'catkin_skip_building_tests' from command line to 'False'
[1.320s] DEBUG:colcon.colcon_core.verb:Building package 'turtlebot_controller' with the following arguments: {'ament_cmake_args': None, 'build_base': '/home/yuki/650610851_final/build/turtlebot_controller', 'catkin_cmake_args': None, 'catkin_skip_building_tests': False, 'cmake_args': None, 'cmake_clean_cache': False, 'cmake_clean_first': False, 'cmake_force_configure': False, 'cmake_target': None, 'cmake_target_skip_unavailable': False, 'install_base': '/home/yuki/650610851_final/install/turtlebot_controller', 'merge_install': False, 'path': '/home/yuki/650610851_final/src/turtlebot_controller', 'symlink_install': True, 'test_result_base': None}
[1.320s] INFO:colcon.colcon_core.executor:Executing jobs using 'parallel' executor
[1.322s] DEBUG:colcon.colcon_parallel_executor.executor.parallel:run_until_complete
[1.322s] INFO:colcon.colcon_ros.task.ament_python.build:Building ROS package in '/home/yuki/650610851_final/src/lidar_tracker' with build type 'ament_python'
[1.323s] Level 1:colcon.colcon_core.shell:create_environment_hook('lidar_tracker', 'ament_prefix_path')
[1.336s] INFO:colcon.colcon_core.plugin_system:Skipping extension 'colcon_core.shell.bat': Not used on non-Windows systems
[1.337s] INFO:colcon.colcon_core.shell:Creating environment hook '/home/yuki/650610851_final/install/lidar_tracker/share/lidar_tracker/hook/ament_prefix_path.ps1'
[1.338s] INFO:colcon.colcon_core.shell:Creating environment descriptor '/home/yuki/650610851_final/install/lidar_tracker/share/lidar_tracker/hook/ament_prefix_path.dsv'
[1.340s] INFO:colcon.colcon_core.shell:Creating environment hook '/home/yuki/650610851_final/install/lidar_tracker/share/lidar_tracker/hook/ament_prefix_path.sh'
[1.341s] INFO:colcon.colcon_core.shell:Skip shell extension 'powershell' for command environment: Not usable outside of PowerShell
[1.341s] DEBUG:colcon.colcon_core.shell:Skip shell extension 'dsv' for command environment
[1.351s] INFO:colcon.colcon_ros.task.ament_python.build:Building ROS package in '/home/yuki/650610851_final/src/turtlebot_controller' with build type 'ament_python'
[1.351s] Level 1:colcon.colcon_core.shell:create_environment_hook('turtlebot_controller', 'ament_prefix_path')
[1.351s] INFO:colcon.colcon_core.shell:Creating environment hook '/home/yuki/650610851_final/install/turtlebot_controller/share/turtlebot_controller/hook/ament_prefix_path.ps1'
[1.353s] INFO:colcon.colcon_core.shell:Creating environment descriptor '/home/yuki/650610851_final/install/turtlebot_controller/share/turtlebot_controller/hook/ament_prefix_path.dsv'
[1.354s] INFO:colcon.colcon_core.shell:Creating environment hook '/home/yuki/650610851_final/install/turtlebot_controller/share/turtlebot_controller/hook/ament_prefix_path.sh'
[1.356s] INFO:colcon.colcon_core.shell:Skip shell extension 'powershell' for command environment: Not usable outside of PowerShell
[1.356s] DEBUG:colcon.colcon_core.shell:Skip shell extension 'dsv' for command environment
[1.784s] INFO:colcon.colcon_core.task.python.build:Building Python package in '/home/yuki/650610851_final/src/lidar_tracker'
[1.784s] INFO:colcon.colcon_core.shell:Skip shell extension 'powershell' for command environment: Not usable outside of PowerShell
[1.784s] DEBUG:colcon.colcon_core.shell:Skip shell extension 'dsv' for command environment
[2.212s] INFO:colcon.colcon_core.task.python.build:Building Python package in '/home/yuki/650610851_final/src/turtlebot_controller'
[2.213s] INFO:colcon.colcon_core.shell:Skip shell extension 'powershell' for command environment: Not usable outside of PowerShell
[2.213s] DEBUG:colcon.colcon_core.shell:Skip shell extension 'dsv' for command environment
[3.103s] DEBUG:colcon.colcon_core.event_handler.log_command:Invoking command in '/home/yuki/650610851_final/build/lidar_tracker': PYTHONPATH=/home/yuki/650610851_final/build/lidar_tracker/prefix_override:/usr/lib/python3/dist-packages/colcon_core/task/python/colcon_distutils_commands:/home/yuki/650610851_final/install/lidar_tracker/lib/python3.10/site-packages:${PYTHONPATH} /usr/bin/python3 -W ignore:setup.py install is deprecated -W ignore:easy_install command is deprecated setup.py develop --editable --build-directory /home/yuki/650610851_final/build/lidar_tracker/build --no-deps symlink_data
[3.110s] DEBUG:colcon.colcon_core.event_handler.log_command:Invoking command in '/home/yuki/650610851_final/build/turtlebot_controller': PYTHONPATH=/home/yuki/650610851_final/build/turtlebot_controller/prefix_override:/usr/lib/python3/dist-packages/colcon_core/task/python/colcon_distutils_commands:/home/yuki/650610851_final/install/turtlebot_controller/lib/python3.10/site-packages:${PYTHONPATH} /usr/bin/python3 -W ignore:setup.py install is deprecated -W ignore:easy_install command is deprecated setup.py develop --editable --build-directory /home/yuki/650610851_final/build/turtlebot_controller/build --no-deps symlink_data
[3.936s] Level 1:colcon.colcon_core.shell:create_environment_hook('turtlebot_controller', 'pythonpath_develop')
[3.937s] DEBUG:colcon.colcon_core.event_handler.log_command:Invoked command in '/home/yuki/650610851_final/build/turtlebot_controller' returned '0': PYTHONPATH=/home/yuki/650610851_final/build/turtlebot_controller/prefix_override:/usr/lib/python3/dist-packages/colcon_core/task/python/colcon_distutils_commands:/home/yuki/650610851_final/install/turtlebot_controller/lib/python3.10/site-packages:${PYTHONPATH} /usr/bin/python3 -W ignore:setup.py install is deprecated -W ignore:easy_install command is deprecated setup.py develop --editable --build-directory /home/yuki/650610851_final/build/turtlebot_controller/build --no-deps symlink_data
[3.937s] INFO:colcon.colcon_core.shell:Creating environment hook '/home/yuki/650610851_final/build/turtlebot_controller/share/turtlebot_controller/hook/pythonpath_develop.ps1'
[3.939s] INFO:colcon.colcon_core.shell:Creating environment descriptor '/home/yuki/650610851_final/build/turtlebot_controller/share/turtlebot_controller/hook/pythonpath_develop.dsv'
[3.940s] INFO:colcon.colcon_core.shell:Creating environment hook '/home/yuki/650610851_final/build/turtlebot_controller/share/turtlebot_controller/hook/pythonpath_develop.sh'
[3.957s] Level 1:colcon.colcon_core.environment:checking '/home/yuki/650610851_final/install/turtlebot_controller' for CMake module files
[3.958s] Level 1:colcon.colcon_core.environment:checking '/home/yuki/650610851_final/install/turtlebot_controller' for CMake config files
[3.959s] Level 1:colcon.colcon_core.environment:checking '/home/yuki/650610851_final/install/turtlebot_controller/lib'
[3.959s] Level 1:colcon.colcon_core.environment:checking '/home/yuki/650610851_final/install/turtlebot_controller/bin'
[3.959s] Level 1:colcon.colcon_core.environment:checking '/home/yuki/650610851_final/install/turtlebot_controller/lib/pkgconfig/turtlebot_controller.pc'
[3.959s] Level 1:colcon.colcon_core.environment:checking '/home/yuki/650610851_final/install/turtlebot_controller/lib/python3.10/site-packages'
[3.959s] Level 1:colcon.colcon_core.shell:create_environment_hook('turtlebot_controller', 'pythonpath')
[3.960s] INFO:colcon.colcon_core.shell:Creating environment hook '/home/yuki/650610851_final/install/turtlebot_controller/share/turtlebot_controller/hook/pythonpath.ps1'
[3.961s] INFO:colcon.colcon_core.shell:Creating environment descriptor '/home/yuki/650610851_final/install/turtlebot_controller/share/turtlebot_controller/hook/pythonpath.dsv'
[3.961s] INFO:colcon.colcon_core.shell:Creating environment hook '/home/yuki/650610851_final/install/turtlebot_controller/share/turtlebot_controller/hook/pythonpath.sh'
[3.962s] Level 1:colcon.colcon_core.environment:checking '/home/yuki/650610851_final/install/turtlebot_controller/bin'
[3.962s] Level 1:colcon.colcon_core.environment:create_environment_scripts_only(turtlebot_controller)
[3.963s] INFO:colcon.colcon_core.shell:Creating package script '/home/yuki/650610851_final/install/turtlebot_controller/share/turtlebot_controller/package.ps1'
[3.965s] INFO:colcon.colcon_core.shell:Creating package descriptor '/home/yuki/650610851_final/install/turtlebot_controller/share/turtlebot_controller/package.dsv'
[3.966s] INFO:colcon.colcon_core.shell:Creating package script '/home/yuki/650610851_final/install/turtlebot_controller/share/turtlebot_controller/package.sh'
[3.968s] INFO:colcon.colcon_core.shell:Creating package script '/home/yuki/650610851_final/install/turtlebot_controller/share/turtlebot_controller/package.bash'
[3.969s] INFO:colcon.colcon_core.shell:Creating package script '/home/yuki/650610851_final/install/turtlebot_controller/share/turtlebot_controller/package.zsh'
[3.971s] Level 1:colcon.colcon_core.environment:create_file_with_runtime_dependencies(/home/yuki/650610851_final/install/turtlebot_controller/share/colcon-core/packages/turtlebot_controller)
[3.974s] Level 1:colcon.colcon_core.shell:create_environment_hook('lidar_tracker', 'pythonpath_develop')
[3.975s] INFO:colcon.colcon_core.shell:Creating environment hook '/home/yuki/650610851_final/build/lidar_tracker/share/lidar_tracker/hook/pythonpath_develop.ps1'
[3.976s] INFO:colcon.colcon_core.shell:Creating environment descriptor '/home/yuki/650610851_final/build/lidar_tracker/share/lidar_tracker/hook/pythonpath_develop.dsv'
[3.977s] DEBUG:colcon.colcon_core.event_handler.log_command:Invoked command in '/home/yuki/650610851_final/build/lidar_tracker' returned '0': PYTHONPATH=/home/yuki/650610851_final/build/lidar_tracker/prefix_override:/usr/lib/python3/dist-packages/colcon_core/task/python/colcon_distutils_commands:/home/yuki/650610851_final/install/lidar_tracker/lib/python3.10/site-packages:${PYTHONPATH} /usr/bin/python3 -W ignore:setup.py install is deprecated -W ignore:easy_install command is deprecated setup.py develop --editable --build-directory /home/yuki/650610851_final/build/lidar_tracker/build --no-deps symlink_data
[3.977s] INFO:colcon.colcon_core.shell:Creating environment hook '/home/yuki/650610851_final/build/lidar_tracker/share/lidar_tracker/hook/pythonpath_develop.sh'
[3.978s] Level 1:colcon.colcon_core.environment:checking '/home/yuki/650610851_final/install/lidar_tracker' for CMake module files
[3.979s] Level 1:colcon.colcon_core.environment:checking '/home/yuki/650610851_final/install/lidar_tracker' for CMake config files
[3.980s] Level 1:colcon.colcon_core.environment:checking '/home/yuki/650610851_final/install/lidar_tracker/lib'
[3.980s] Level 1:colcon.colcon_core.environment:checking '/home/yuki/650610851_final/install/lidar_tracker/bin'
[3.980s] Level 1:colcon.colcon_core.environment:checking '/home/yuki/650610851_final/install/lidar_tracker/lib/pkgconfig/lidar_tracker.pc'
[3.981s] Level 1:colcon.colcon_core.environment:checking '/home/yuki/650610851_final/install/lidar_tracker/lib/python3.10/site-packages'
[3.981s] Level 1:colcon.colcon_core.shell:create_environment_hook('lidar_tracker', 'pythonpath')
[3.981s] INFO:colcon.colcon_core.shell:Creating environment hook '/home/yuki/650610851_final/install/lidar_tracker/share/lidar_tracker/hook/pythonpath.ps1'
[3.982s] INFO:colcon.colcon_core.shell:Creating environment descriptor '/home/yuki/650610851_final/install/lidar_tracker/share/lidar_tracker/hook/pythonpath.dsv'
[3.983s] INFO:colcon.colcon_core.shell:Creating environment hook '/home/yuki/650610851_final/install/lidar_tracker/share/lidar_tracker/hook/pythonpath.sh'
[3.983s] Level 1:colcon.colcon_core.environment:checking '/home/yuki/650610851_final/install/lidar_tracker/bin'
[3.984s] Level 1:colcon.colcon_core.environment:create_environment_scripts_only(lidar_tracker)
[3.984s] INFO:colcon.colcon_core.shell:Creating package script '/home/yuki/650610851_final/install/lidar_tracker/share/lidar_tracker/package.ps1'
[3.985s] INFO:colcon.colcon_core.shell:Creating package descriptor '/home/yuki/650610851_final/install/lidar_tracker/share/lidar_tracker/package.dsv'
[3.986s] INFO:colcon.colcon_core.shell:Creating package script '/home/yuki/650610851_final/install/lidar_tracker/share/lidar_tracker/package.sh'
[3.987s] INFO:colcon.colcon_core.shell:Creating package script '/home/yuki/650610851_final/install/lidar_tracker/share/lidar_tracker/package.bash'
[3.987s] INFO:colcon.colcon_core.shell:Creating package script '/home/yuki/650610851_final/install/lidar_tracker/share/lidar_tracker/package.zsh'
[3.988s] Level 1:colcon.colcon_core.environment:create_file_with_runtime_dependencies(/home/yuki/650610851_final/install/lidar_tracker/share/colcon-core/packages/lidar_tracker)
[3.989s] DEBUG:colcon.colcon_parallel_executor.executor.parallel:closing loop
[3.990s] DEBUG:colcon.colcon_parallel_executor.executor.parallel:loop closed
[3.990s] DEBUG:colcon.colcon_parallel_executor.executor.parallel:run_until_complete finished with '0'
[3.990s] DEBUG:colcon.colcon_core.event_reactor:joining thread
[4.059s] INFO:colcon.colcon_core.plugin_system:Skipping extension 'colcon_notification.desktop_notification.notify_send': Could not find 'notify-send'
[4.059s] INFO:colcon.colcon_core.plugin_system:Skipping extension 'colcon_notification.desktop_notification.terminal_notifier': Not used on non-Darwin systems
[4.059s] INFO:colcon.colcon_core.plugin_system:Skipping extension 'colcon_notification.desktop_notification.win32': Not used on non-Windows systems
[4.059s] INFO:colcon.colcon_notification.desktop_notification:Sending desktop notification using 'notify2'
[4.060s] DEBUG:colcon.colcon_notification.desktop_notification.notify2:Failed to initialize notify2: org.freedesktop.DBus.Error.FileNotFound: Failed to connect to socket /run/user/1000/bus: No such file or directory
[4.060s] DEBUG:colcon.colcon_core.event_reactor:joined thread
[4.061s] INFO:colcon.colcon_core.shell:Creating prefix script '/home/yuki/650610851_final/install/local_setup.ps1'
[4.063s] INFO:colcon.colcon_core.shell:Creating prefix util module '/home/yuki/650610851_final/install/_local_setup_util_ps1.py'
[4.066s] INFO:colcon.colcon_core.shell:Creating prefix chain script '/home/yuki/650610851_final/install/setup.ps1'
[4.070s] INFO:colcon.colcon_core.shell:Creating prefix script '/home/yuki/650610851_final/install/local_setup.sh'
[4.071s] INFO:colcon.colcon_core.shell:Creating prefix util module '/home/yuki/650610851_final/install/_local_setup_util_sh.py'
[4.072s] INFO:colcon.colcon_core.shell:Creating prefix chain script '/home/yuki/650610851_final/install/setup.sh'
[4.077s] INFO:colcon.colcon_core.shell:Creating prefix script '/home/yuki/650610851_final/install/local_setup.bash'
[4.078s] INFO:colcon.colcon_core.shell:Creating prefix chain script '/home/yuki/650610851_final/install/setup.bash'
[4.082s] INFO:colcon.colcon_core.shell:Creating prefix script '/home/yuki/650610851_final/install/local_setup.zsh'
[4.083s] INFO:colcon.colcon_core.shell:Creating prefix chain script '/home/yuki/650610851_final/install/setup.zsh'
