[0.582s] DEBUG:colcon:Command line arguments: ['/usr/bin/colcon', 'list']
[0.582s] DEBUG:colcon:Parsed command line arguments: Namespace(log_base=None, log_level=None, verb_name='list', build_base='build', ignore_user_meta=False, metas=['./colcon.meta'], base_paths=['.'], packages_ignore=None, packages_ignore_regex=None, paths=None, packages_up_to=None, packages_up_to_regex=None, packages_above=None, packages_above_and_dependencies=None, packages_above_depth=None, packages_select_by_dep=None, packages_skip_by_dep=None, packages_skip_up_to=None, packages_select_build_failed=False, packages_skip_build_finished=False, packages_select_test_failures=False, packages_skip_test_passed=False, packages_select=None, packages_skip=None, packages_select_regex=None, packages_skip_regex=None, packages_start=None, packages_end=None, allow_overriding=[], topological_order=False, names_only=False, paths_only=False, topological_graph=False, topological_graph_dot=False, topological_graph_density=False, topological_graph_legend=False, topological_graph_dot_cluster=False, topological_graph_dot_include_skipped=False, mixin_files=None, mixin=None, verb_parser=<colcon_mixin.mixin.mixin_argument.MixinArgumentDecorator object at 0x7f34214d3e80>, verb_extension=<colcon_package_information.verb.list.ListVerb object at 0x7f34214d2e00>, main=<bound method ListVerb.main of <colcon_package_information.verb.list.ListVerb object at 0x7f34214d2e00>>, mixin_verb=('list',))
[1.098s] Level 1:colcon.colcon_core.package_discovery:discover_packages(colcon_meta) check parameters
[1.098s] Level 1:colcon.colcon_core.package_discovery:discover_packages(recursive) check parameters
[1.098s] Level 1:colcon.colcon_core.package_discovery:discover_packages(ignore) check parameters
[1.098s] Level 1:colcon.colcon_core.package_discovery:discover_packages(path) check parameters
[1.098s] Level 1:colcon.colcon_core.package_discovery:discover_packages(colcon_meta) discover
[1.098s] Level 1:colcon.colcon_core.package_discovery:discover_packages(recursive) discover
[1.098s] INFO:colcon.colcon_core.package_discovery:Crawling recursively for packages in '/home/yuki/650610851_final'
[1.098s] Level 1:colcon.colcon_core.package_identification:_identify(.) by extensions ['ignore', 'ignore_ament_install']
[1.099s] Level 1:colcon.colcon_core.package_identification:_identify(.) by extension 'ignore'
[1.099s] Level 1:colcon.colcon_core.package_identification:_identify(.) by extension 'ignore_ament_install'
[1.099s] Level 1:colcon.colcon_core.package_identification:_identify(.) by extensions ['colcon_pkg']
[1.099s] Level 1:colcon.colcon_core.package_identification:_identify(.) by extension 'colcon_pkg'
[1.099s] Level 1:colcon.colcon_core.package_identification:_identify(.) by extensions ['colcon_meta']
[1.099s] Level 1:colcon.colcon_core.package_identification:_identify(.) by extension 'colcon_meta'
[1.099s] Level 1:colcon.colcon_core.package_identification:_identify(.) by extensions ['ros']
[1.099s] Level 1:colcon.colcon_core.package_identification:_identify(.) by extension 'ros'
[1.122s] Level 1:colcon.colcon_core.package_identification:_identify(.) by extensions ['cmake', 'python']
[1.123s] Level 1:colcon.colcon_core.package_identification:_identify(.) by extension 'cmake'
[1.123s] Level 1:colcon.colcon_core.package_identification:_identify(.) by extension 'python'
[1.123s] Level 1:colcon.colcon_core.package_identification:_identify(.) by extensions ['python_setup_py']
[1.123s] Level 1:colcon.colcon_core.package_identification:_identify(.) by extension 'python_setup_py'
[1.123s] Level 1:colcon.colcon_core.package_identification:_identify(build) by extensions ['ignore', 'ignore_ament_install']
[1.123s] Level 1:colcon.colcon_core.package_identification:_identify(build) by extension 'ignore'
[1.123s] Level 1:colcon.colcon_core.package_identification:_identify(build) ignored
[1.123s] Level 1:colcon.colcon_core.package_identification:_identify(install) by extensions ['ignore', 'ignore_ament_install']
[1.123s] Level 1:colcon.colcon_core.package_identification:_identify(install) by extension 'ignore'
[1.123s] Level 1:colcon.colcon_core.package_identification:_identify(install) ignored
[1.124s] Level 1:colcon.colcon_core.package_identification:_identify(log) by extensions ['ignore', 'ignore_ament_install']
[1.124s] Level 1:colcon.colcon_core.package_identification:_identify(log) by extension 'ignore'
[1.124s] Level 1:colcon.colcon_core.package_identification:_identify(log) ignored
[1.124s] Level 1:colcon.colcon_core.package_identification:_identify(src) by extensions ['ignore', 'ignore_ament_install']
[1.124s] Level 1:colcon.colcon_core.package_identification:_identify(src) by extension 'ignore'
[1.124s] Level 1:colcon.colcon_core.package_identification:_identify(src) by extension 'ignore_ament_install'
[1.124s] Level 1:colcon.colcon_core.package_identification:_identify(src) by extensions ['colcon_pkg']
[1.124s] Level 1:colcon.colcon_core.package_identification:_identify(src) by extension 'colcon_pkg'
[1.124s] Level 1:colcon.colcon_core.package_identification:_identify(src) by extensions ['colcon_meta']
[1.124s] Level 1:colcon.colcon_core.package_identification:_identify(src) by extension 'colcon_meta'
[1.124s] Level 1:colcon.colcon_core.package_identification:_identify(src) by extensions ['ros']
[1.124s] Level 1:colcon.colcon_core.package_identification:_identify(src) by extension 'ros'
[1.124s] Level 1:colcon.colcon_core.package_identification:_identify(src) by extensions ['cmake', 'python']
[1.125s] Level 1:colcon.colcon_core.package_identification:_identify(src) by extension 'cmake'
[1.125s] Level 1:colcon.colcon_core.package_identification:_identify(src) by extension 'python'
[1.125s] Level 1:colcon.colcon_core.package_identification:_identify(src) by extensions ['python_setup_py']
[1.125s] Level 1:colcon.colcon_core.package_identification:_identify(src) by extension 'python_setup_py'
[1.125s] Level 1:colcon.colcon_core.package_identification:_identify(src/lidar_tracker) by extensions ['ignore', 'ignore_ament_install']
[1.125s] Level 1:colcon.colcon_core.package_identification:_identify(src/lidar_tracker) by extension 'ignore'
[1.125s] Level 1:colcon.colcon_core.package_identification:_identify(src/lidar_tracker) by extension 'ignore_ament_install'
[1.125s] Level 1:colcon.colcon_core.package_identification:_identify(src/lidar_tracker) by extensions ['colcon_pkg']
[1.125s] Level 1:colcon.colcon_core.package_identification:_identify(src/lidar_tracker) by extension 'colcon_pkg'
[1.125s] Level 1:colcon.colcon_core.package_identification:_identify(src/lidar_tracker) by extensions ['colcon_meta']
[1.125s] Level 1:colcon.colcon_core.package_identification:_identify(src/lidar_tracker) by extension 'colcon_meta'
[1.125s] Level 1:colcon.colcon_core.package_identification:_identify(src/lidar_tracker) by extensions ['ros']
[1.126s] Level 1:colcon.colcon_core.package_identification:_identify(src/lidar_tracker) by extension 'ros'
[1.133s] DEBUG:colcon.colcon_core.package_identification:Package 'src/lidar_tracker' with type 'ros.ament_python' and name 'lidar_tracker'
[1.134s] Level 1:colcon.colcon_core.package_identification:_identify(src/turtlebot_controller) by extensions ['ignore', 'ignore_ament_install']
[1.134s] Level 1:colcon.colcon_core.package_identification:_identify(src/turtlebot_controller) by extension 'ignore'
[1.134s] Level 1:colcon.colcon_core.package_identification:_identify(src/turtlebot_controller) by extension 'ignore_ament_install'
[1.134s] Level 1:colcon.colcon_core.package_identification:_identify(src/turtlebot_controller) by extensions ['colcon_pkg']
[1.134s] Level 1:colcon.colcon_core.package_identification:_identify(src/turtlebot_controller) by extension 'colcon_pkg'
[1.134s] Level 1:colcon.colcon_core.package_identification:_identify(src/turtlebot_controller) by extensions ['colcon_meta']
[1.134s] Level 1:colcon.colcon_core.package_identification:_identify(src/turtlebot_controller) by extension 'colcon_meta'
[1.134s] Level 1:colcon.colcon_core.package_identification:_identify(src/turtlebot_controller) by extensions ['ros']
[1.134s] Level 1:colcon.colcon_core.package_identification:_identify(src/turtlebot_controller) by extension 'ros'
[1.137s] DEBUG:colcon.colcon_core.package_identification:Package 'src/turtlebot_controller' with type 'ros.ament_python' and name 'turtlebot_controller'
[1.137s] Level 1:colcon.colcon_core.package_discovery:discover_packages(recursive) using defaults
[1.137s] Level 1:colcon.colcon_core.package_discovery:discover_packages(ignore) discover
[1.138s] Level 1:colcon.colcon_core.package_discovery:discover_packages(ignore) using defaults
[1.138s] Level 1:colcon.colcon_core.package_discovery:discover_packages(path) discover
[1.138s] Level 1:colcon.colcon_core.package_discovery:discover_packages(path) using defaults
