[1.740s] Invoking command in '/home/yuki/650610851_final/build/lidar_tracker': PYTHONPATH=/home/yuki/650610851_final/build/lidar_tracker/prefix_override:/usr/lib/python3/dist-packages/colcon_core/task/python/colcon_distutils_commands:/home/yuki/650610851_final/install/lidar_tracker/lib/python3.10/site-packages:${PYTHONPATH} /usr/bin/python3 -W ignore:setup.py install is deprecated -W ignore:easy_install command is deprecated setup.py develop --uninstall --editable --build-directory /home/yuki/650610851_final/build/lidar_tracker/build
[2.224s] running develop
[2.532s] Removing /home/yuki/650610851_final/install/lidar_tracker/lib/python3.10/site-packages/lidar-tracker.egg-link (link to .)
[2.607s] Invoked command in '/home/yuki/650610851_final/build/lidar_tracker' returned '0': PYTHONPATH=/home/yuki/650610851_final/build/lidar_tracker/prefix_override:/usr/lib/python3/dist-packages/colcon_core/task/python/colcon_distutils_commands:/home/yuki/650610851_final/install/lidar_tracker/lib/python3.10/site-packages:${PYTHONPATH} /usr/bin/python3 -W ignore:setup.py install is deprecated -W ignore:easy_install command is deprecated setup.py develop --uninstall --editable --build-directory /home/yuki/650610851_final/build/lidar_tracker/build
[2.610s] Invoking command in '/home/yuki/650610851_final/src/lidar_tracker': PYTHONPATH=/home/yuki/650610851_final/build/lidar_tracker/prefix_override:/usr/lib/python3/dist-packages/colcon_core/task/python/colcon_distutils_commands:/home/yuki/650610851_final/install/lidar_tracker/lib/python3.10/site-packages:${PYTHONPATH} /usr/bin/python3 -W ignore:setup.py install is deprecated -W ignore:easy_install command is deprecated setup.py egg_info --egg-base ../../build/lidar_tracker build --build-base /home/yuki/650610851_final/build/lidar_tracker/build install --record /home/yuki/650610851_final/build/lidar_tracker/install.log --single-version-externally-managed install_data --force
[3.069s] running egg_info
[3.071s] writing ../../build/lidar_tracker/lidar_tracker.egg-info/PKG-INFO
[3.071s] writing dependency_links to ../../build/lidar_tracker/lidar_tracker.egg-info/dependency_links.txt
[3.072s] writing entry points to ../../build/lidar_tracker/lidar_tracker.egg-info/entry_points.txt
[3.073s] writing requirements to ../../build/lidar_tracker/lidar_tracker.egg-info/requires.txt
[3.073s] writing top-level names to ../../build/lidar_tracker/lidar_tracker.egg-info/top_level.txt
[3.077s] reading manifest file '../../build/lidar_tracker/lidar_tracker.egg-info/SOURCES.txt'
[3.079s] writing manifest file '../../build/lidar_tracker/lidar_tracker.egg-info/SOURCES.txt'
[3.079s] running build
[3.079s] running build_py
[3.080s] creating /home/yuki/650610851_final/build/lidar_tracker/build
[3.080s] creating /home/yuki/650610851_final/build/lidar_tracker/build/lib
[3.081s] creating /home/yuki/650610851_final/build/lidar_tracker/build/lib/lidar_tracker
[3.081s] copying lidar_tracker/lidar_node.py -> /home/yuki/650610851_final/build/lidar_tracker/build/lib/lidar_tracker
[3.082s] copying lidar_tracker/__init__.py -> /home/yuki/650610851_final/build/lidar_tracker/build/lib/lidar_tracker
[3.082s] running install
[3.083s] running install_lib
[3.085s] creating /home/yuki/650610851_final/install/lidar_tracker/lib/python3.10/site-packages/lidar_tracker
[3.088s] copying /home/yuki/650610851_final/build/lidar_tracker/build/lib/lidar_tracker/lidar_node.py -> /home/yuki/650610851_final/install/lidar_tracker/lib/python3.10/site-packages/lidar_tracker
[3.088s] copying /home/yuki/650610851_final/build/lidar_tracker/build/lib/lidar_tracker/__init__.py -> /home/yuki/650610851_final/install/lidar_tracker/lib/python3.10/site-packages/lidar_tracker
[3.088s] byte-compiling /home/yuki/650610851_final/install/lidar_tracker/lib/python3.10/site-packages/lidar_tracker/lidar_node.py to lidar_node.cpython-310.pyc
[3.090s] byte-compiling /home/yuki/650610851_final/install/lidar_tracker/lib/python3.10/site-packages/lidar_tracker/__init__.py to __init__.cpython-310.pyc
[3.090s] running install_data
[3.091s] copying resource/lidar_tracker -> /home/yuki/650610851_final/install/lidar_tracker/share/ament_index/resource_index/packages
[3.091s] copying package.xml -> /home/yuki/650610851_final/install/lidar_tracker/share/lidar_tracker
[3.092s] running install_egg_info
[3.096s] Copying ../../build/lidar_tracker/lidar_tracker.egg-info to /home/yuki/650610851_final/install/lidar_tracker/lib/python3.10/site-packages/lidar_tracker-0.0.0-py3.10.egg-info
[3.099s] running install_scripts
[3.132s] Installing lidar_node script to /home/yuki/650610851_final/install/lidar_tracker/lib/lidar_tracker
[3.133s] writing list of installed files to '/home/yuki/650610851_final/build/lidar_tracker/install.log'
[3.194s] Invoked command in '/home/yuki/650610851_final/src/lidar_tracker' returned '0': PYTHONPATH=/home/yuki/650610851_final/build/lidar_tracker/prefix_override:/usr/lib/python3/dist-packages/colcon_core/task/python/colcon_distutils_commands:/home/yuki/650610851_final/install/lidar_tracker/lib/python3.10/site-packages:${PYTHONPATH} /usr/bin/python3 -W ignore:setup.py install is deprecated -W ignore:easy_install command is deprecated setup.py egg_info --egg-base ../../build/lidar_tracker build --build-base /home/yuki/650610851_final/build/lidar_tracker/build install --record /home/yuki/650610851_final/build/lidar_tracker/install.log --single-version-externally-managed install_data --force
