[0.571s] DEBUG:colcon:Command line arguments: ['/usr/bin/colcon', 'build']
[0.571s] DEBUG:colcon:Parsed command line arguments: Namespace(log_base=None, log_level=None, verb_name='build', build_base='build', install_base='install', merge_install=False, symlink_install=False, test_result_base=None, continue_on_error=False, executor='parallel', parallel_workers=8, event_handlers=None, ignore_user_meta=False, metas=['./colcon.meta'], base_paths=['.'], packages_ignore=None, packages_ignore_regex=None, paths=None, packages_up_to=None, packages_up_to_regex=None, packages_above=None, packages_above_and_dependencies=None, packages_above_depth=None, packages_select_by_dep=None, packages_skip_by_dep=None, packages_skip_up_to=None, packages_select_build_failed=False, packages_skip_build_finished=False, packages_select_test_failures=False, packages_skip_test_passed=False, packages_select=None, packages_skip=None, packages_select_regex=None, packages_skip_regex=None, packages_start=None, packages_end=None, allow_overriding=[], cmake_args=None, cmake_target=None, cmake_target_skip_unavailable=False, cmake_clean_cache=False, cmake_clean_first=False, cmake_force_configure=False, ament_cmake_args=None, catkin_cmake_args=None, catkin_skip_building_tests=False, mixin_files=None, mixin=None, verb_parser=<colcon_mixin.mixin.mixin_argument.MixinArgumentDecorator object at 0x7fee9d093d00>, verb_extension=<colcon_core.verb.build.BuildVerb object at 0x7fee9d1d8c70>, main=<bound method BuildVerb.main of <colcon_core.verb.build.BuildVerb object at 0x7fee9d1d8c70>>, mixin_verb=('build',))
[1.090s] Level 1:colcon.colcon_core.package_discovery:discover_packages(colcon_meta) check parameters
[1.090s] Level 1:colcon.colcon_core.package_discovery:discover_packages(recursive) check parameters
[1.090s] Level 1:colcon.colcon_core.package_discovery:discover_packages(ignore) check parameters
[1.090s] Level 1:colcon.colcon_core.package_discovery:discover_packages(path) check parameters
[1.090s] Level 1:colcon.colcon_core.package_discovery:discover_packages(colcon_meta) discover
[1.091s] Level 1:colcon.colcon_core.package_discovery:discover_packages(recursive) discover
[1.091s] INFO:colcon.colcon_core.package_discovery:Crawling recursively for packages in '/home/yuki/650610851_final'
[1.091s] Level 1:colcon.colcon_core.package_identification:_identify(.) by extensions ['ignore', 'ignore_ament_install']
[1.091s] Level 1:colcon.colcon_core.package_identification:_identify(.) by extension 'ignore'
[1.091s] Level 1:colcon.colcon_core.package_identification:_identify(.) by extension 'ignore_ament_install'
[1.092s] Level 1:colcon.colcon_core.package_identification:_identify(.) by extensions ['colcon_pkg']
[1.092s] Level 1:colcon.colcon_core.package_identification:_identify(.) by extension 'colcon_pkg'
[1.092s] Level 1:colcon.colcon_core.package_identification:_identify(.) by extensions ['colcon_meta']
[1.092s] Level 1:colcon.colcon_core.package_identification:_identify(.) by extension 'colcon_meta'
[1.092s] Level 1:colcon.colcon_core.package_identification:_identify(.) by extensions ['ros']
[1.092s] Level 1:colcon.colcon_core.package_identification:_identify(.) by extension 'ros'
[1.122s] Level 1:colcon.colcon_core.package_identification:_identify(.) by extensions ['cmake', 'python']
[1.122s] Level 1:colcon.colcon_core.package_identification:_identify(.) by extension 'cmake'
[1.122s] Level 1:colcon.colcon_core.package_identification:_identify(.) by extension 'python'
[1.122s] Level 1:colcon.colcon_core.package_identification:_identify(.) by extensions ['python_setup_py']
[1.123s] Level 1:colcon.colcon_core.package_identification:_identify(.) by extension 'python_setup_py'
[1.123s] Level 1:colcon.colcon_core.package_identification:_identify(build) by extensions ['ignore', 'ignore_ament_install']
[1.123s] Level 1:colcon.colcon_core.package_identification:_identify(build) by extension 'ignore'
[1.123s] Level 1:colcon.colcon_core.package_identification:_identify(build) ignored
[1.123s] Level 1:colcon.colcon_core.package_identification:_identify(install) by extensions ['ignore', 'ignore_ament_install']
[1.124s] Level 1:colcon.colcon_core.package_identification:_identify(install) by extension 'ignore'
[1.124s] Level 1:colcon.colcon_core.package_identification:_identify(install) ignored
[1.124s] Level 1:colcon.colcon_core.package_identification:_identify(log) by extensions ['ignore', 'ignore_ament_install']
[1.125s] Level 1:colcon.colcon_core.package_identification:_identify(log) by extension 'ignore'
[1.125s] Level 1:colcon.colcon_core.package_identification:_identify(log) ignored
[1.125s] Level 1:colcon.colcon_core.package_identification:_identify(src) by extensions ['ignore', 'ignore_ament_install']
[1.126s] Level 1:colcon.colcon_core.package_identification:_identify(src) by extension 'ignore'
[1.126s] Level 1:colcon.colcon_core.package_identification:_identify(src) by extension 'ignore_ament_install'
[1.126s] Level 1:colcon.colcon_core.package_identification:_identify(src) by extensions ['colcon_pkg']
[1.127s] Level 1:colcon.colcon_core.package_identification:_identify(src) by extension 'colcon_pkg'
[1.127s] Level 1:colcon.colcon_core.package_identification:_identify(src) by extensions ['colcon_meta']
[1.127s] Level 1:colcon.colcon_core.package_identification:_identify(src) by extension 'colcon_meta'
[1.127s] Level 1:colcon.colcon_core.package_identification:_identify(src) by extensions ['ros']
[1.127s] Level 1:colcon.colcon_core.package_identification:_identify(src) by extension 'ros'
[1.128s] Level 1:colcon.colcon_core.package_identification:_identify(src) by extensions ['cmake', 'python']
[1.128s] Level 1:colcon.colcon_core.package_identification:_identify(src) by extension 'cmake'
[1.128s] Level 1:colcon.colcon_core.package_identification:_identify(src) by extension 'python'
[1.128s] Level 1:colcon.colcon_core.package_identification:_identify(src) by extensions ['python_setup_py']
[1.128s] Level 1:colcon.colcon_core.package_identification:_identify(src) by extension 'python_setup_py'
[1.129s] Level 1:colcon.colcon_core.package_identification:_identify(src/lidar_tracker) by extensions ['ignore', 'ignore_ament_install']
[1.129s] Level 1:colcon.colcon_core.package_identification:_identify(src/lidar_tracker) by extension 'ignore'
[1.129s] Level 1:colcon.colcon_core.package_identification:_identify(src/lidar_tracker) by extension 'ignore_ament_install'
[1.129s] Level 1:colcon.colcon_core.package_identification:_identify(src/lidar_tracker) by extensions ['colcon_pkg']
[1.130s] Level 1:colcon.colcon_core.package_identification:_identify(src/lidar_tracker) by extension 'colcon_pkg'
[1.130s] Level 1:colcon.colcon_core.package_identification:_identify(src/lidar_tracker) by extensions ['colcon_meta']
[1.130s] Level 1:colcon.colcon_core.package_identification:_identify(src/lidar_tracker) by extension 'colcon_meta'
[1.130s] Level 1:colcon.colcon_core.package_identification:_identify(src/lidar_tracker) by extensions ['ros']
[1.130s] Level 1:colcon.colcon_core.package_identification:_identify(src/lidar_tracker) by extension 'ros'
[1.139s] DEBUG:colcon.colcon_core.package_identification:Package 'src/lidar_tracker' with type 'ros.ament_python' and name 'lidar_tracker'
[1.139s] Level 1:colcon.colcon_core.package_identification:_identify(src/turtlebot_controller) by extensions ['ignore', 'ignore_ament_install']
[1.139s] Level 1:colcon.colcon_core.package_identification:_identify(src/turtlebot_controller) by extension 'ignore'
[1.140s] Level 1:colcon.colcon_core.package_identification:_identify(src/turtlebot_controller) by extension 'ignore_ament_install'
[1.140s] Level 1:colcon.colcon_core.package_identification:_identify(src/turtlebot_controller) by extensions ['colcon_pkg']
[1.140s] Level 1:colcon.colcon_core.package_identification:_identify(src/turtlebot_controller) by extension 'colcon_pkg'
[1.140s] Level 1:colcon.colcon_core.package_identification:_identify(src/turtlebot_controller) by extensions ['colcon_meta']
[1.140s] Level 1:colcon.colcon_core.package_identification:_identify(src/turtlebot_controller) by extension 'colcon_meta'
[1.140s] Level 1:colcon.colcon_core.package_identification:_identify(src/turtlebot_controller) by extensions ['ros']
[1.140s] Level 1:colcon.colcon_core.package_identification:_identify(src/turtlebot_controller) by extension 'ros'
[1.142s] DEBUG:colcon.colcon_core.package_identification:Package 'src/turtlebot_controller' with type 'ros.ament_python' and name 'turtlebot_controller'
[1.142s] Level 1:colcon.colcon_core.package_discovery:discover_packages(recursive) using defaults
[1.142s] Level 1:colcon.colcon_core.package_discovery:discover_packages(ignore) discover
[1.143s] Level 1:colcon.colcon_core.package_discovery:discover_packages(ignore) using defaults
[1.143s] Level 1:colcon.colcon_core.package_discovery:discover_packages(path) discover
[1.143s] Level 1:colcon.colcon_core.package_discovery:discover_packages(path) using defaults
[1.224s] Level 1:colcon.colcon_core.package_discovery:discover_packages(prefix_path) check parameters
[1.224s] Level 1:colcon.colcon_core.package_discovery:discover_packages(prefix_path) discover
[1.234s] DEBUG:colcon.colcon_installed_package_information.package_discovery:Found 2 installed packages in /home/yuki/650610851_final/install
[1.236s] DEBUG:colcon.colcon_installed_package_information.package_discovery:Found 1 installed packages in /home/yuki/ros2_ws/install
[1.238s] DEBUG:colcon.colcon_installed_package_information.package_discovery:Found 13 installed packages in /home/yuki/install
[1.241s] DEBUG:colcon.colcon_installed_package_information.package_discovery:Found 12 installed packages in /home/yuki/turtlebot3_ws/install
[1.243s] DEBUG:colcon.colcon_installed_package_information.package_discovery:Found 1 installed packages in /home/yuki/labrobo3_ws/install
[1.246s] DEBUG:colcon.colcon_installed_package_information.package_discovery:Found 399 installed packages in /opt/ros/humble
[1.253s] Level 1:colcon.colcon_core.package_discovery:discover_packages(prefix_path) using defaults
[1.401s] Level 5:colcon.colcon_core.verb:set package 'lidar_tracker' build argument 'cmake_args' from command line to 'None'
[1.401s] Level 5:colcon.colcon_core.verb:set package 'lidar_tracker' build argument 'cmake_target' from command line to 'None'
[1.401s] Level 5:colcon.colcon_core.verb:set package 'lidar_tracker' build argument 'cmake_target_skip_unavailable' from command line to 'False'
[1.401s] Level 5:colcon.colcon_core.verb:set package 'lidar_tracker' build argument 'cmake_clean_cache' from command line to 'False'
[1.401s] Level 5:colcon.colcon_core.verb:set package 'lidar_tracker' build argument 'cmake_clean_first' from command line to 'False'
[1.401s] Level 5:colcon.colcon_core.verb:set package 'lidar_tracker' build argument 'cmake_force_configure' from command line to 'False'
[1.401s] Level 5:colcon.colcon_core.verb:set package 'lidar_tracker' build argument 'ament_cmake_args' from command line to 'None'
[1.401s] Level 5:colcon.colcon_core.verb:set package 'lidar_tracker' build argument 'catkin_cmake_args' from command line to 'None'
[1.401s] Level 5:colcon.colcon_core.verb:set package 'lidar_tracker' build argument 'catkin_skip_building_tests' from command line to 'False'
[1.401s] DEBUG:colcon.colcon_core.verb:Building package 'lidar_tracker' with the following arguments: {'ament_cmake_args': None, 'build_base': '/home/yuki/650610851_final/build/lidar_tracker', 'catkin_cmake_args': None, 'catkin_skip_building_tests': False, 'cmake_args': None, 'cmake_clean_cache': False, 'cmake_clean_first': False, 'cmake_force_configure': False, 'cmake_target': None, 'cmake_target_skip_unavailable': False, 'install_base': '/home/yuki/650610851_final/install/lidar_tracker', 'merge_install': False, 'path': '/home/yuki/650610851_final/src/lidar_tracker', 'symlink_install': False, 'test_result_base': None}
[1.402s] Level 5:colcon.colcon_core.verb:set package 'turtlebot_controller' build argument 'cmake_args' from command line to 'None'
[1.403s] Level 5:colcon.colcon_core.verb:set package 'turtlebot_controller' build argument 'cmake_target' from command line to 'None'
[1.403s] Level 5:colcon.colcon_core.verb:set package 'turtlebot_controller' build argument 'cmake_target_skip_unavailable' from command line to 'False'
[1.403s] Level 5:colcon.colcon_core.verb:set package 'turtlebot_controller' build argument 'cmake_clean_cache' from command line to 'False'
[1.403s] Level 5:colcon.colcon_core.verb:set package 'turtlebot_controller' build argument 'cmake_clean_first' from command line to 'False'
[1.403s] Level 5:colcon.colcon_core.verb:set package 'turtlebot_controller' build argument 'cmake_force_configure' from command line to 'False'
[1.403s] Level 5:colcon.colcon_core.verb:set package 'turtlebot_controller' build argument 'ament_cmake_args' from command line to 'None'
[1.403s] Level 5:colcon.colcon_core.verb:set package 'turtlebot_controller' build argument 'catkin_cmake_args' from command line to 'None'
[1.403s] Level 5:colcon.colcon_core.verb:set package 'turtlebot_controller' build argument 'catkin_skip_building_tests' from command line to 'False'
[1.403s] DEBUG:colcon.colcon_core.verb:Building package 'turtlebot_controller' with the following arguments: {'ament_cmake_args': None, 'build_base': '/home/yuki/650610851_final/build/turtlebot_controller', 'catkin_cmake_args': None, 'catkin_skip_building_tests': False, 'cmake_args': None, 'cmake_clean_cache': False, 'cmake_clean_first': False, 'cmake_force_configure': False, 'cmake_target': None, 'cmake_target_skip_unavailable': False, 'install_base': '/home/yuki/650610851_final/install/turtlebot_controller', 'merge_install': False, 'path': '/home/yuki/650610851_final/src/turtlebot_controller', 'symlink_install': False, 'test_result_base': None}
[1.403s] INFO:colcon.colcon_core.executor:Executing jobs using 'parallel' executor
[1.406s] DEBUG:colcon.colcon_parallel_executor.executor.parallel:run_until_complete
[1.407s] INFO:colcon.colcon_ros.task.ament_python.build:Building ROS package in '/home/yuki/650610851_final/src/lidar_tracker' with build type 'ament_python'
[1.407s] Level 1:colcon.colcon_core.shell:create_environment_hook('lidar_tracker', 'ament_prefix_path')
[1.416s] INFO:colcon.colcon_core.plugin_system:Skipping extension 'colcon_core.shell.bat': Not used on non-Windows systems
[1.417s] INFO:colcon.colcon_core.shell:Creating environment hook '/home/yuki/650610851_final/install/lidar_tracker/share/lidar_tracker/hook/ament_prefix_path.ps1'
[1.419s] INFO:colcon.colcon_core.shell:Creating environment descriptor '/home/yuki/650610851_final/install/lidar_tracker/share/lidar_tracker/hook/ament_prefix_path.dsv'
[1.420s] INFO:colcon.colcon_core.shell:Creating environment hook '/home/yuki/650610851_final/install/lidar_tracker/share/lidar_tracker/hook/ament_prefix_path.sh'
[1.423s] INFO:colcon.colcon_core.shell:Skip shell extension 'powershell' for command environment: Not usable outside of PowerShell
[1.423s] DEBUG:colcon.colcon_core.shell:Skip shell extension 'dsv' for command environment
[1.441s] INFO:colcon.colcon_ros.task.ament_python.build:Building ROS package in '/home/yuki/650610851_final/src/turtlebot_controller' with build type 'ament_python'
[1.442s] Level 1:colcon.colcon_core.shell:create_environment_hook('turtlebot_controller', 'ament_prefix_path')
[1.443s] INFO:colcon.colcon_core.shell:Creating environment hook '/home/yuki/650610851_final/install/turtlebot_controller/share/turtlebot_controller/hook/ament_prefix_path.ps1'
[1.445s] INFO:colcon.colcon_core.shell:Creating environment descriptor '/home/yuki/650610851_final/install/turtlebot_controller/share/turtlebot_controller/hook/ament_prefix_path.dsv'
[1.448s] INFO:colcon.colcon_core.shell:Creating environment hook '/home/yuki/650610851_final/install/turtlebot_controller/share/turtlebot_controller/hook/ament_prefix_path.sh'
[1.450s] INFO:colcon.colcon_core.shell:Skip shell extension 'powershell' for command environment: Not usable outside of PowerShell
[1.450s] DEBUG:colcon.colcon_core.shell:Skip shell extension 'dsv' for command environment
[2.267s] INFO:colcon.colcon_core.task.python.build:Building Python package in '/home/yuki/650610851_final/src/lidar_tracker'
[2.268s] INFO:colcon.colcon_core.shell:Skip shell extension 'powershell' for command environment: Not usable outside of PowerShell
[2.268s] DEBUG:colcon.colcon_core.shell:Skip shell extension 'dsv' for command environment
[3.367s] INFO:colcon.colcon_core.task.python.build:Building Python package in '/home/yuki/650610851_final/src/turtlebot_controller'
[3.368s] INFO:colcon.colcon_core.shell:Skip shell extension 'powershell' for command environment: Not usable outside of PowerShell
[3.368s] DEBUG:colcon.colcon_core.shell:Skip shell extension 'dsv' for command environment
[4.662s] DEBUG:colcon.colcon_core.event_handler.log_command:Invoking command in '/home/yuki/650610851_final/src/lidar_tracker': PYTHONPATH=/home/yuki/650610851_final/build/lidar_tracker/prefix_override:/usr/lib/python3/dist-packages/colcon_core/task/python/colcon_distutils_commands:/home/yuki/650610851_final/install/lidar_tracker/lib/python3.10/site-packages:${PYTHONPATH} /usr/bin/python3 -W ignore:setup.py install is deprecated -W ignore:easy_install command is deprecated setup.py egg_info --egg-base ../../build/lidar_tracker build --build-base /home/yuki/650610851_final/build/lidar_tracker/build install --record /home/yuki/650610851_final/build/lidar_tracker/install.log --single-version-externally-managed install_data
[4.794s] DEBUG:colcon.colcon_core.event_handler.log_command:Invoking command in '/home/yuki/650610851_final/src/turtlebot_controller': PYTHONPATH=/home/yuki/650610851_final/build/turtlebot_controller/prefix_override:/usr/lib/python3/dist-packages/colcon_core/task/python/colcon_distutils_commands:/home/yuki/650610851_final/install/turtlebot_controller/lib/python3.10/site-packages:${PYTHONPATH} /usr/bin/python3 -W ignore:setup.py install is deprecated -W ignore:easy_install command is deprecated setup.py egg_info --egg-base ../../build/turtlebot_controller build --build-base /home/yuki/650610851_final/build/turtlebot_controller/build install --record /home/yuki/650610851_final/build/turtlebot_controller/install.log --single-version-externally-managed install_data
[5.729s] DEBUG:colcon.colcon_core.event_handler.log_command:Invoked command in '/home/yuki/650610851_final/src/lidar_tracker' returned '0': PYTHONPATH=/home/yuki/650610851_final/build/lidar_tracker/prefix_override:/usr/lib/python3/dist-packages/colcon_core/task/python/colcon_distutils_commands:/home/yuki/650610851_final/install/lidar_tracker/lib/python3.10/site-packages:${PYTHONPATH} /usr/bin/python3 -W ignore:setup.py install is deprecated -W ignore:easy_install command is deprecated setup.py egg_info --egg-base ../../build/lidar_tracker build --build-base /home/yuki/650610851_final/build/lidar_tracker/build install --record /home/yuki/650610851_final/build/lidar_tracker/install.log --single-version-externally-managed install_data
[5.739s] Level 1:colcon.colcon_core.environment:checking '/home/yuki/650610851_final/install/lidar_tracker' for CMake module files
[5.740s] Level 1:colcon.colcon_core.environment:checking '/home/yuki/650610851_final/install/lidar_tracker' for CMake config files
[5.743s] Level 1:colcon.colcon_core.environment:checking '/home/yuki/650610851_final/install/lidar_tracker/lib'
[5.744s] Level 1:colcon.colcon_core.environment:checking '/home/yuki/650610851_final/install/lidar_tracker/bin'
[5.744s] Level 1:colcon.colcon_core.environment:checking '/home/yuki/650610851_final/install/lidar_tracker/lib/pkgconfig/lidar_tracker.pc'
[5.745s] Level 1:colcon.colcon_core.environment:checking '/home/yuki/650610851_final/install/lidar_tracker/lib/python3.10/site-packages'
[5.746s] Level 1:colcon.colcon_core.shell:create_environment_hook('lidar_tracker', 'pythonpath')
[5.747s] INFO:colcon.colcon_core.shell:Creating environment hook '/home/yuki/650610851_final/install/lidar_tracker/share/lidar_tracker/hook/pythonpath.ps1'
[5.749s] INFO:colcon.colcon_core.shell:Creating environment descriptor '/home/yuki/650610851_final/install/lidar_tracker/share/lidar_tracker/hook/pythonpath.dsv'
[5.751s] INFO:colcon.colcon_core.shell:Creating environment hook '/home/yuki/650610851_final/install/lidar_tracker/share/lidar_tracker/hook/pythonpath.sh'
[5.754s] Level 1:colcon.colcon_core.environment:checking '/home/yuki/650610851_final/install/lidar_tracker/bin'
[5.754s] Level 1:colcon.colcon_core.environment:create_environment_scripts_only(lidar_tracker)
[5.755s] INFO:colcon.colcon_core.shell:Creating package script '/home/yuki/650610851_final/install/lidar_tracker/share/lidar_tracker/package.ps1'
[5.757s] INFO:colcon.colcon_core.shell:Creating package descriptor '/home/yuki/650610851_final/install/lidar_tracker/share/lidar_tracker/package.dsv'
[5.760s] INFO:colcon.colcon_core.shell:Creating package script '/home/yuki/650610851_final/install/lidar_tracker/share/lidar_tracker/package.sh'
[5.762s] INFO:colcon.colcon_core.shell:Creating package script '/home/yuki/650610851_final/install/lidar_tracker/share/lidar_tracker/package.bash'
[5.765s] INFO:colcon.colcon_core.shell:Creating package script '/home/yuki/650610851_final/install/lidar_tracker/share/lidar_tracker/package.zsh'
[5.768s] Level 1:colcon.colcon_core.environment:create_file_with_runtime_dependencies(/home/yuki/650610851_final/install/lidar_tracker/share/colcon-core/packages/lidar_tracker)
[5.881s] Level 1:colcon.colcon_core.environment:checking '/home/yuki/650610851_final/install/turtlebot_controller' for CMake module files
[5.882s] DEBUG:colcon.colcon_core.event_handler.log_command:Invoked command in '/home/yuki/650610851_final/src/turtlebot_controller' returned '0': PYTHONPATH=/home/yuki/650610851_final/build/turtlebot_controller/prefix_override:/usr/lib/python3/dist-packages/colcon_core/task/python/colcon_distutils_commands:/home/yuki/650610851_final/install/turtlebot_controller/lib/python3.10/site-packages:${PYTHONPATH} /usr/bin/python3 -W ignore:setup.py install is deprecated -W ignore:easy_install command is deprecated setup.py egg_info --egg-base ../../build/turtlebot_controller build --build-base /home/yuki/650610851_final/build/turtlebot_controller/build install --record /home/yuki/650610851_final/build/turtlebot_controller/install.log --single-version-externally-managed install_data
[5.883s] Level 1:colcon.colcon_core.environment:checking '/home/yuki/650610851_final/install/turtlebot_controller' for CMake config files
[5.885s] Level 1:colcon.colcon_core.environment:checking '/home/yuki/650610851_final/install/turtlebot_controller/lib'
[5.885s] Level 1:colcon.colcon_core.environment:checking '/home/yuki/650610851_final/install/turtlebot_controller/bin'
[5.885s] Level 1:colcon.colcon_core.environment:checking '/home/yuki/650610851_final/install/turtlebot_controller/lib/pkgconfig/turtlebot_controller.pc'
[5.886s] Level 1:colcon.colcon_core.environment:checking '/home/yuki/650610851_final/install/turtlebot_controller/lib/python3.10/site-packages'
[5.886s] Level 1:colcon.colcon_core.shell:create_environment_hook('turtlebot_controller', 'pythonpath')
[5.886s] INFO:colcon.colcon_core.shell:Creating environment hook '/home/yuki/650610851_final/install/turtlebot_controller/share/turtlebot_controller/hook/pythonpath.ps1'
[5.888s] INFO:colcon.colcon_core.shell:Creating environment descriptor '/home/yuki/650610851_final/install/turtlebot_controller/share/turtlebot_controller/hook/pythonpath.dsv'
[5.888s] INFO:colcon.colcon_core.shell:Creating environment hook '/home/yuki/650610851_final/install/turtlebot_controller/share/turtlebot_controller/hook/pythonpath.sh'
[5.890s] Level 1:colcon.colcon_core.environment:checking '/home/yuki/650610851_final/install/turtlebot_controller/bin'
[5.890s] Level 1:colcon.colcon_core.environment:create_environment_scripts_only(turtlebot_controller)
[5.891s] INFO:colcon.colcon_core.shell:Creating package script '/home/yuki/650610851_final/install/turtlebot_controller/share/turtlebot_controller/package.ps1'
[5.892s] INFO:colcon.colcon_core.shell:Creating package descriptor '/home/yuki/650610851_final/install/turtlebot_controller/share/turtlebot_controller/package.dsv'
[5.894s] INFO:colcon.colcon_core.shell:Creating package script '/home/yuki/650610851_final/install/turtlebot_controller/share/turtlebot_controller/package.sh'
[5.895s] INFO:colcon.colcon_core.shell:Creating package script '/home/yuki/650610851_final/install/turtlebot_controller/share/turtlebot_controller/package.bash'
[5.896s] INFO:colcon.colcon_core.shell:Creating package script '/home/yuki/650610851_final/install/turtlebot_controller/share/turtlebot_controller/package.zsh'
[5.898s] Level 1:colcon.colcon_core.environment:create_file_with_runtime_dependencies(/home/yuki/650610851_final/install/turtlebot_controller/share/colcon-core/packages/turtlebot_controller)
[5.900s] DEBUG:colcon.colcon_parallel_executor.executor.parallel:closing loop
[5.901s] DEBUG:colcon.colcon_parallel_executor.executor.parallel:loop closed
[5.902s] DEBUG:colcon.colcon_parallel_executor.executor.parallel:run_until_complete finished with '0'
[5.902s] DEBUG:colcon.colcon_core.event_reactor:joining thread
[6.040s] INFO:colcon.colcon_core.plugin_system:Skipping extension 'colcon_notification.desktop_notification.notify_send': Could not find 'notify-send'
[6.040s] INFO:colcon.colcon_core.plugin_system:Skipping extension 'colcon_notification.desktop_notification.terminal_notifier': Not used on non-Darwin systems
[6.040s] INFO:colcon.colcon_core.plugin_system:Skipping extension 'colcon_notification.desktop_notification.win32': Not used on non-Windows systems
[6.041s] INFO:colcon.colcon_notification.desktop_notification:Sending desktop notification using 'notify2'
[6.041s] DEBUG:colcon.colcon_notification.desktop_notification.notify2:Failed to initialize notify2: org.freedesktop.DBus.Error.FileNotFound: Failed to connect to socket /run/user/1000/bus: No such file or directory
[6.041s] DEBUG:colcon.colcon_core.event_reactor:joined thread
[6.042s] INFO:colcon.colcon_core.shell:Creating prefix script '/home/yuki/650610851_final/install/local_setup.ps1'
[6.044s] INFO:colcon.colcon_core.shell:Creating prefix util module '/home/yuki/650610851_final/install/_local_setup_util_ps1.py'
[6.047s] INFO:colcon.colcon_core.shell:Creating prefix chain script '/home/yuki/650610851_final/install/setup.ps1'
[6.052s] INFO:colcon.colcon_core.shell:Creating prefix script '/home/yuki/650610851_final/install/local_setup.sh'
[6.054s] INFO:colcon.colcon_core.shell:Creating prefix util module '/home/yuki/650610851_final/install/_local_setup_util_sh.py'
[6.056s] INFO:colcon.colcon_core.shell:Creating prefix chain script '/home/yuki/650610851_final/install/setup.sh'
[6.063s] INFO:colcon.colcon_core.shell:Creating prefix script '/home/yuki/650610851_final/install/local_setup.bash'
[6.065s] INFO:colcon.colcon_core.shell:Creating prefix chain script '/home/yuki/650610851_final/install/setup.bash'
[6.071s] INFO:colcon.colcon_core.shell:Creating prefix script '/home/yuki/650610851_final/install/local_setup.zsh'
[6.073s] INFO:colcon.colcon_core.shell:Creating prefix chain script '/home/yuki/650610851_final/install/setup.zsh'
